Using pre-set license
Built from '2021.3/staging' branch; Version is '2021.3.6f1 (7da38d85baf6) revision 8233869'; Using compiler version '192829333'; Build Type 'Release'
OS: 'Windows 11  (10.0.22000) 64bit Core' Language: 'it' Physical Memory: 16147 MB
BatchMode: 1, IsHumanControllingUs: 0, StartBugReporterOnCrash: 0, Is64bit: 1, IsPro: 1

COMMAND LINE ARGUMENTS:
C:\Program Files\Unity\Hub\Editor\2021.3.6f1\Editor\Unity.exe
-adb2
-batchMode
-noUpm
-name
AssetImportWorker1
-projectPath
C:/Users/Nicolò/Desktop/TANKS_git/TANK
-logFile
Logs/AssetImportWorker1.log
-srvPort
58432
Successfully changed project path to: C:/Users/Nicolò/Desktop/TANKS_git/TANK
C:/Users/Nicolò/Desktop/TANKS_git/TANK
[UnityMemory] Configuration Parameters - Can be set up in boot.config
    "memorysetup-bucket-allocator-granularity=16"
    "memorysetup-bucket-allocator-bucket-count=8"
    "memorysetup-bucket-allocator-block-size=33554432"
    "memorysetup-bucket-allocator-block-count=8"
    "memorysetup-main-allocator-block-size=16777216"
    "memorysetup-thread-allocator-block-size=16777216"
    "memorysetup-gfx-main-allocator-block-size=16777216"
    "memorysetup-gfx-thread-allocator-block-size=16777216"
    "memorysetup-cache-allocator-block-size=4194304"
    "memorysetup-typetree-allocator-block-size=2097152"
    "memorysetup-profiler-bucket-allocator-granularity=16"
    "memorysetup-profiler-bucket-allocator-bucket-count=8"
    "memorysetup-profiler-bucket-allocator-block-size=33554432"
    "memorysetup-profiler-bucket-allocator-block-count=8"
    "memorysetup-profiler-allocator-block-size=16777216"
    "memorysetup-profiler-editor-allocator-block-size=1048576"
    "memorysetup-temp-allocator-size-main=16777216"
    "memorysetup-job-temp-allocator-block-size=2097152"
    "memorysetup-job-temp-allocator-block-size-background=1048576"
    "memorysetup-job-temp-allocator-reduction-small-platforms=262144"
    "memorysetup-temp-allocator-size-background-worker=32768"
    "memorysetup-temp-allocator-size-job-worker=262144"
    "memorysetup-temp-allocator-size-preload-manager=33554432"
    "memorysetup-temp-allocator-size-nav-mesh-worker=65536"
    "memorysetup-temp-allocator-size-audio-worker=65536"
    "memorysetup-temp-allocator-size-cloud-worker=32768"
    "memorysetup-temp-allocator-size-gi-baking-worker=262144"
    "memorysetup-temp-allocator-size-gfx=262144"
Refreshing native plugins compatible for Editor in 220.64 ms, found 3 plugins.
Preloading 0 native plugins for Editor in 0.00 ms.
Initialize engine version: 2021.3.6f1 (7da38d85baf6)
[Subsystems] Discovering subsystems at path C:/Program Files/Unity/Hub/Editor/2021.3.6f1/Editor/Data/Resources/UnitySubsystems
[Subsystems] Discovering subsystems at path C:/Users/Nicolò/Desktop/TANKS_git/TANK/Assets
GfxDevice: creating device client; threaded=0; jobified=0
Direct3D:
    Version:  Direct3D 11.0 [level 11.1]
    Renderer: NVIDIA GeForce RTX 3060 Laptop GPU (ID=0x2520)
    Vendor:   NVIDIA
    VRAM:     6023 MB
    Driver:   31.0.15.1748
Initialize mono
Mono path[0] = 'C:/Program Files/Unity/Hub/Editor/2021.3.6f1/Editor/Data/Managed'
Mono path[1] = 'C:/Program Files/Unity/Hub/Editor/2021.3.6f1/Editor/Data/MonoBleedingEdge/lib/mono/unityjit-win32'
Mono config path = 'C:/Program Files/Unity/Hub/Editor/2021.3.6f1/Editor/Data/MonoBleedingEdge/etc'
Using monoOptions --debugger-agent=transport=dt_socket,embedding=1,server=y,suspend=n,address=127.0.0.1:56808
Begin MonoManager ReloadAssembly
Registering precompiled unity dll's ...
Register platform support module: C:/Program Files/Unity/Hub/Editor/2021.3.6f1/Editor/Data/PlaybackEngines/WindowsStandaloneSupport/UnityEditor.WindowsStandalone.Extensions.dll
Registered in 0.005161 seconds.
Native extension for WindowsStandalone target not found
Refreshing native plugins compatible for Editor in 231.45 ms, found 3 plugins.
Preloading 0 native plugins for Editor in 0.00 ms.
Mono: successfully reloaded assembly
- Completed reload, in  1.044 seconds
Domain Reload Profiling:
	ReloadAssembly (1044ms)
		BeginReloadAssembly (99ms)
			ExecutionOrderSort (0ms)
			DisableScriptedObjects (0ms)
			BackupInstance (0ms)
			ReleaseScriptingObjects (0ms)
			CreateAndSetChildDomain (1ms)
		EndReloadAssembly (823ms)
			LoadAssemblies (96ms)
			RebuildTransferFunctionScriptingTraits (0ms)
			SetupTypeCache (148ms)
			ReleaseScriptCaches (0ms)
			RebuildScriptCaches (63ms)
			SetupLoadedEditorAssemblies (505ms)
				LogAssemblyErrors (0ms)
				InitializePlatformSupportModulesInManaged (20ms)
				SetLoadedEditorAssemblies (1ms)
				RefreshPlugins (232ms)
				BeforeProcessingInitializeOnLoad (1ms)
				ProcessInitializeOnLoadAttributes (195ms)
				ProcessInitializeOnLoadMethodAttributes (56ms)
				AfterProcessingInitializeOnLoad (0ms)
				EditorAssembliesLoaded (0ms)
			ExecutionOrderSort2 (0ms)
			AwakeInstancesAfterBackupRestoration (0ms)
Platform modules already initialized, skipping
Registering precompiled user dll's ...
Registered in 0.008790 seconds.
Begin MonoManager ReloadAssembly
Symbol file LoadedFromMemory doesn't match image C:\Users\Nicolò\Desktop\TANKS_git\TANK\Library\PackageCache\com.unity.visualscripting@1.7.8\Editor\VisualScripting.Core\Dependencies\DotNetZip\Unity.VisualScripting.IonicZip.dll
Symbol file LoadedFromMemory doesn't match image C:\Users\Nicolò\Desktop\TANKS_git\TANK\Library\PackageCache\com.unity.visualscripting@1.7.8\Editor\VisualScripting.Core\Dependencies\YamlDotNet\Unity.VisualScripting.YamlDotNet.dll
Native extension for WindowsStandalone target not found
Refreshing native plugins compatible for Editor in 1.38 ms, found 3 plugins.
Preloading 0 native plugins for Editor in 0.00 ms.
Package Manager log level set to [2]
Mono: successfully reloaded assembly
- Completed reload, in  1.729 seconds
Domain Reload Profiling:
	ReloadAssembly (1730ms)
		BeginReloadAssembly (164ms)
			ExecutionOrderSort (0ms)
			DisableScriptedObjects (8ms)
			BackupInstance (0ms)
			ReleaseScriptingObjects (0ms)
			CreateAndSetChildDomain (39ms)
		EndReloadAssembly (1423ms)
			LoadAssemblies (129ms)
			RebuildTransferFunctionScriptingTraits (0ms)
			SetupTypeCache (564ms)
			ReleaseScriptCaches (1ms)
			RebuildScriptCaches (77ms)
			SetupLoadedEditorAssemblies (599ms)
				LogAssemblyErrors (0ms)
				InitializePlatformSupportModulesInManaged (5ms)
				SetLoadedEditorAssemblies (1ms)
				RefreshPlugins (1ms)
				BeforeProcessingInitializeOnLoad (113ms)
				ProcessInitializeOnLoadAttributes (324ms)
				ProcessInitializeOnLoadMethodAttributes (148ms)
				AfterProcessingInitializeOnLoad (6ms)
				EditorAssembliesLoaded (0ms)
			ExecutionOrderSort2 (0ms)
			AwakeInstancesAfterBackupRestoration (6ms)
Platform modules already initialized, skipping
========================================================================
Worker process is ready to serve import requests
Launched and connected shader compiler UnityShaderCompiler.exe after 0.17 seconds
Refreshing native plugins compatible for Editor in 2.86 ms, found 3 plugins.
Preloading 0 native plugins for Editor in 0.00 ms.
Unloading 4297 Unused Serialized files (Serialized files now loaded: 0)
Unloading 70 unused Assets / (1.3 MB). Loaded Objects now: 4723.
Memory consumption went from 154.5 MB to 153.2 MB.
Total: 15.036600 ms (FindLiveObjects: 0.548800 ms CreateObjectMapping: 0.449600 ms MarkObjects: 13.498500 ms  DeleteObjects: 0.537800 ms)

AssetImportParameters requested are different than current active one (requested -> active):
  custom:video-decoder-ogg-theora: a1e56fd34408186e4bbccfd4996cb3dc -> 
  custom:container-muxer-webm: aa71ff27fc2769a1b78a27578f13a17b -> 
  custom:container-demuxer-webm: 4f35f7cbe854078d1ac9338744f61a02 -> 
  custom:video-encoder-webm-vp8: eb34c28f22e8b96e1ab97ce403110664 -> 
  custom:audio-encoder-webm-vorbis: bf7c407c2cedff20999df2af8eb42d56 -> 
  custom:framework-win-MediaFoundation: 216162199b28c13a410421893ffa2e32 -> 
  custom:container-demuxer-ogg: 62fdf1f143b41e24485cea50d1cbac27 -> 
  custom:video-decoder-webm-vp8: 9c59270c3fd7afecdb556c50c9e8de78 -> 
  custom:audio-decoder-ogg-vorbis: bf7c407c2cedff20999df2af8eb42d56 -> 
========================================================================
Received Import Request.
  Time since last request: 1115757.137638 seconds.
  path: Assets/Main Camera Profile.asset
  artifactKey: Guid(a2c5621595413ca4a81d437f1d534aff) Importer(815301076,1909f56bfc062723c751e8b465ee728b)
Start importing Assets/Main Camera Profile.asset using Guid(a2c5621595413ca4a81d437f1d534aff) Importer(815301076,1909f56bfc062723c751e8b465ee728b)  -> (artifact id: 'a10445c89244076458e0e31b79dabafe') in 0.082878 seconds 
========================================================================
Received Import Request.
  Time since last request: 0.000048 seconds.
  path: Assets/Readme.asset
  artifactKey: Guid(83c2ed844a8c74b779a4c823d16594b1) Importer(815301076,1909f56bfc062723c751e8b465ee728b)
Start importing Assets/Readme.asset using Guid(83c2ed844a8c74b779a4c823d16594b1) Importer(815301076,1909f56bfc062723c751e8b465ee728b)  -> (artifact id: '5ca2b3a3fe62ec43dcb46ffe6ac8490d') in 0.015766 seconds 
========================================================================
Received Prepare
Registering precompiled user dll's ...
Registered in 0.014691 seconds.
Begin MonoManager ReloadAssembly
Symbol file LoadedFromMemory doesn't match image C:\Users\Nicolò\Desktop\TANKS_git\TANK\Library\PackageCache\com.unity.visualscripting@1.7.8\Editor\VisualScripting.Core\Dependencies\DotNetZip\Unity.VisualScripting.IonicZip.dll
Symbol file LoadedFromMemory doesn't match image C:\Users\Nicolò\Desktop\TANKS_git\TANK\Library\PackageCache\com.unity.visualscripting@1.7.8\Editor\VisualScripting.Core\Dependencies\YamlDotNet\Unity.VisualScripting.YamlDotNet.dll
Native extension for WindowsStandalone target not found
Refreshing native plugins compatible for Editor in 2.45 ms, found 3 plugins.
Preloading 0 native plugins for Editor in 0.00 ms.
Mono: successfully reloaded assembly
- Completed reload, in  1.820 seconds
Domain Reload Profiling:
	ReloadAssembly (1820ms)
		BeginReloadAssembly (214ms)
			ExecutionOrderSort (0ms)
			DisableScriptedObjects (11ms)
			BackupInstance (0ms)
			ReleaseScriptingObjects (0ms)
			CreateAndSetChildDomain (65ms)
		EndReloadAssembly (1442ms)
			LoadAssemblies (148ms)
			RebuildTransferFunctionScriptingTraits (0ms)
			SetupTypeCache (416ms)
			ReleaseScriptCaches (2ms)
			RebuildScriptCaches (69ms)
			SetupLoadedEditorAssemblies (745ms)
				LogAssemblyErrors (0ms)
				InitializePlatformSupportModulesInManaged (20ms)
				SetLoadedEditorAssemblies (1ms)
				RefreshPlugins (3ms)
				BeforeProcessingInitializeOnLoad (134ms)
				ProcessInitializeOnLoadAttributes (376ms)
				ProcessInitializeOnLoadMethodAttributes (201ms)
				AfterProcessingInitializeOnLoad (10ms)
				EditorAssembliesLoaded (0ms)
			ExecutionOrderSort2 (0ms)
			AwakeInstancesAfterBackupRestoration (10ms)
Platform modules already initialized, skipping
Refreshing native plugins compatible for Editor in 13.47 ms, found 3 plugins.
Preloading 0 native plugins for Editor in 0.00 ms.
Unloading 4247 Unused Serialized files (Serialized files now loaded: 0)
Unloading 59 unused Assets / (1.2 MB). Loaded Objects now: 4726.
Memory consumption went from 150.0 MB to 148.7 MB.
Total: 15.249300 ms (FindLiveObjects: 0.478700 ms CreateObjectMapping: 0.400500 ms MarkObjects: 13.960200 ms  DeleteObjects: 0.406900 ms)

AssetImportParameters requested are different than current active one (requested -> active):
  custom:video-decoder-ogg-theora: a1e56fd34408186e4bbccfd4996cb3dc -> 
  custom:container-muxer-webm: aa71ff27fc2769a1b78a27578f13a17b -> 
  custom:container-demuxer-webm: 4f35f7cbe854078d1ac9338744f61a02 -> 
  custom:video-encoder-webm-vp8: eb34c28f22e8b96e1ab97ce403110664 -> 
  custom:audio-encoder-webm-vorbis: bf7c407c2cedff20999df2af8eb42d56 -> 
  custom:framework-win-MediaFoundation: 216162199b28c13a410421893ffa2e32 -> 
  custom:container-demuxer-ogg: 62fdf1f143b41e24485cea50d1cbac27 -> 
  custom:video-decoder-webm-vp8: 9c59270c3fd7afecdb556c50c9e8de78 -> 
  custom:audio-decoder-ogg-vorbis: bf7c407c2cedff20999df2af8eb42d56 -> 
========================================================================
Received Prepare
Registering precompiled user dll's ...
Registered in 0.008063 seconds.
Begin MonoManager ReloadAssembly
Symbol file LoadedFromMemory doesn't match image C:\Users\Nicolò\Desktop\TANKS_git\TANK\Library\PackageCache\com.unity.visualscripting@1.7.8\Editor\VisualScripting.Core\Dependencies\DotNetZip\Unity.VisualScripting.IonicZip.dll
Symbol file LoadedFromMemory doesn't match image C:\Users\Nicolò\Desktop\TANKS_git\TANK\Library\PackageCache\com.unity.visualscripting@1.7.8\Editor\VisualScripting.Core\Dependencies\YamlDotNet\Unity.VisualScripting.YamlDotNet.dll
Native extension for WindowsStandalone target not found
Refreshing native plugins compatible for Editor in 1.65 ms, found 3 plugins.
Preloading 0 native plugins for Editor in 0.00 ms.
Mono: successfully reloaded assembly
- Completed reload, in  1.674 seconds
Domain Reload Profiling:
	ReloadAssembly (1675ms)
		BeginReloadAssembly (209ms)
			ExecutionOrderSort (0ms)
			DisableScriptedObjects (11ms)
			BackupInstance (0ms)
			ReleaseScriptingObjects (0ms)
			CreateAndSetChildDomain (62ms)
		EndReloadAssembly (1299ms)
			LoadAssemblies (143ms)
			RebuildTransferFunctionScriptingTraits (0ms)
			SetupTypeCache (405ms)
			ReleaseScriptCaches (3ms)
			RebuildScriptCaches (55ms)
			SetupLoadedEditorAssemblies (622ms)
				LogAssemblyErrors (0ms)
				InitializePlatformSupportModulesInManaged (16ms)
				SetLoadedEditorAssemblies (1ms)
				RefreshPlugins (2ms)
				BeforeProcessingInitializeOnLoad (112ms)
				ProcessInitializeOnLoadAttributes (310ms)
				ProcessInitializeOnLoadMethodAttributes (174ms)
				AfterProcessingInitializeOnLoad (8ms)
				EditorAssembliesLoaded (0ms)
			ExecutionOrderSort2 (0ms)
			AwakeInstancesAfterBackupRestoration (9ms)
Platform modules already initialized, skipping
Refreshing native plugins compatible for Editor in 14.17 ms, found 3 plugins.
Preloading 0 native plugins for Editor in 0.00 ms.
Unloading 4247 Unused Serialized files (Serialized files now loaded: 0)
Unloading 59 unused Assets / (1.2 MB). Loaded Objects now: 4729.
Memory consumption went from 150.0 MB to 148.8 MB.
Total: 15.412600 ms (FindLiveObjects: 0.527800 ms CreateObjectMapping: 0.377500 ms MarkObjects: 14.117900 ms  DeleteObjects: 0.386800 ms)

AssetImportParameters requested are different than current active one (requested -> active):
  custom:video-decoder-ogg-theora: a1e56fd34408186e4bbccfd4996cb3dc -> 
  custom:container-muxer-webm: aa71ff27fc2769a1b78a27578f13a17b -> 
  custom:container-demuxer-webm: 4f35f7cbe854078d1ac9338744f61a02 -> 
  custom:video-encoder-webm-vp8: eb34c28f22e8b96e1ab97ce403110664 -> 
  custom:audio-encoder-webm-vorbis: bf7c407c2cedff20999df2af8eb42d56 -> 
  custom:framework-win-MediaFoundation: 216162199b28c13a410421893ffa2e32 -> 
  custom:container-demuxer-ogg: 62fdf1f143b41e24485cea50d1cbac27 -> 
  custom:video-decoder-webm-vp8: 9c59270c3fd7afecdb556c50c9e8de78 -> 
  custom:audio-decoder-ogg-vorbis: bf7c407c2cedff20999df2af8eb42d56 -> 
========================================================================
Received Prepare
Registering precompiled user dll's ...
Registered in 0.008049 seconds.
Begin MonoManager ReloadAssembly
Symbol file LoadedFromMemory doesn't match image C:\Users\Nicolò\Desktop\TANKS_git\TANK\Library\PackageCache\com.unity.visualscripting@1.7.8\Editor\VisualScripting.Core\Dependencies\DotNetZip\Unity.VisualScripting.IonicZip.dll
Symbol file LoadedFromMemory doesn't match image C:\Users\Nicolò\Desktop\TANKS_git\TANK\Library\PackageCache\com.unity.visualscripting@1.7.8\Editor\VisualScripting.Core\Dependencies\YamlDotNet\Unity.VisualScripting.YamlDotNet.dll
Native extension for WindowsStandalone target not found
Refreshing native plugins compatible for Editor in 1.30 ms, found 3 plugins.
Preloading 0 native plugins for Editor in 0.00 ms.
Mono: successfully reloaded assembly
- Completed reload, in  1.694 seconds
Domain Reload Profiling:
	ReloadAssembly (1695ms)
		BeginReloadAssembly (236ms)
			ExecutionOrderSort (0ms)
			DisableScriptedObjects (11ms)
			BackupInstance (0ms)
			ReleaseScriptingObjects (0ms)
			CreateAndSetChildDomain (68ms)
		EndReloadAssembly (1281ms)
			LoadAssemblies (151ms)
			RebuildTransferFunctionScriptingTraits (0ms)
			SetupTypeCache (402ms)
			ReleaseScriptCaches (4ms)
			RebuildScriptCaches (64ms)
			SetupLoadedEditorAssemblies (624ms)
				LogAssemblyErrors (0ms)
				InitializePlatformSupportModulesInManaged (16ms)
				SetLoadedEditorAssemblies (1ms)
				RefreshPlugins (1ms)
				BeforeProcessingInitializeOnLoad (124ms)
				ProcessInitializeOnLoadAttributes (298ms)
				ProcessInitializeOnLoadMethodAttributes (172ms)
				AfterProcessingInitializeOnLoad (12ms)
				EditorAssembliesLoaded (1ms)
			ExecutionOrderSort2 (0ms)
			AwakeInstancesAfterBackupRestoration (13ms)
Platform modules already initialized, skipping
Refreshing native plugins compatible for Editor in 12.80 ms, found 3 plugins.
Preloading 0 native plugins for Editor in 0.00 ms.
Unloading 4247 Unused Serialized files (Serialized files now loaded: 0)
Unloading 59 unused Assets / (1.2 MB). Loaded Objects now: 4732.
Memory consumption went from 150.0 MB to 148.8 MB.
Total: 15.237400 ms (FindLiveObjects: 0.771100 ms CreateObjectMapping: 0.479300 ms MarkObjects: 13.596200 ms  DeleteObjects: 0.388400 ms)

AssetImportParameters requested are different than current active one (requested -> active):
  custom:video-decoder-ogg-theora: a1e56fd34408186e4bbccfd4996cb3dc -> 
  custom:container-muxer-webm: aa71ff27fc2769a1b78a27578f13a17b -> 
  custom:container-demuxer-webm: 4f35f7cbe854078d1ac9338744f61a02 -> 
  custom:video-encoder-webm-vp8: eb34c28f22e8b96e1ab97ce403110664 -> 
  custom:audio-encoder-webm-vorbis: bf7c407c2cedff20999df2af8eb42d56 -> 
  custom:framework-win-MediaFoundation: 216162199b28c13a410421893ffa2e32 -> 
  custom:container-demuxer-ogg: 62fdf1f143b41e24485cea50d1cbac27 -> 
  custom:video-decoder-webm-vp8: 9c59270c3fd7afecdb556c50c9e8de78 -> 
  custom:audio-decoder-ogg-vorbis: bf7c407c2cedff20999df2af8eb42d56 -> 
========================================================================
Received Import Request.
  Time since last request: 1517.297381 seconds.
  path: Assets/Cryptogene/Free Simple GUI/Sprites/Flat Style/Buttons/1,50x size/arrowUp@1.5x.png
  artifactKey: Guid(d2f85f37e1e927e4094500dbcd3c4e4d) Importer(815301076,1909f56bfc062723c751e8b465ee728b)
Start importing Assets/Cryptogene/Free Simple GUI/Sprites/Flat Style/Buttons/1,50x size/arrowUp@1.5x.png using Guid(d2f85f37e1e927e4094500dbcd3c4e4d) Importer(815301076,1909f56bfc062723c751e8b465ee728b)  -> (artifact id: 'c2ed7baaa05d81d860529e388d26b8bc') in 0.234546 seconds 
========================================================================
Received Import Request.
  Time since last request: 0.000102 seconds.
  path: Assets/Cryptogene/Free Simple GUI/Sprites/Flat Style/Buttons/1,50x size/Button_M_02@1.5x.png
  artifactKey: Guid(6559a3e7626e0a548988f412ae855b24) Importer(815301076,1909f56bfc062723c751e8b465ee728b)
Start importing Assets/Cryptogene/Free Simple GUI/Sprites/Flat Style/Buttons/1,50x size/Button_M_02@1.5x.png using Guid(6559a3e7626e0a548988f412ae855b24) Importer(815301076,1909f56bfc062723c751e8b465ee728b)  -> (artifact id: '47902878b0878b041ab58edde121a0fa') in 0.058811 seconds 
========================================================================
Received Import Request.
  Time since last request: 0.000036 seconds.
  path: Assets/Cryptogene/Free Simple GUI/Sprites/Flat Style/Buttons/1,50x size/Button_L_04@1.5x.png
  artifactKey: Guid(426c1d76610d52245abe087631d7f7ab) Importer(815301076,1909f56bfc062723c751e8b465ee728b)
Start importing Assets/Cryptogene/Free Simple GUI/Sprites/Flat Style/Buttons/1,50x size/Button_L_04@1.5x.png using Guid(426c1d76610d52245abe087631d7f7ab) Importer(815301076,1909f56bfc062723c751e8b465ee728b)  -> (artifact id: 'a1a3a62678942b398f23cc2dd6cc1d18') in 0.060669 seconds 
========================================================================
Received Import Request.
  Time since last request: 0.000059 seconds.
  path: Assets/Cryptogene/Free Simple GUI/Sprites/Flat Style/Buttons/1,50x size/Button_L_09@1.5x.png
  artifactKey: Guid(1fe6a6f501d7c1d4f95d2e410773b1f3) Importer(815301076,1909f56bfc062723c751e8b465ee728b)
Start importing Assets/Cryptogene/Free Simple GUI/Sprites/Flat Style/Buttons/1,50x size/Button_L_09@1.5x.png using Guid(1fe6a6f501d7c1d4f95d2e410773b1f3) Importer(815301076,1909f56bfc062723c751e8b465ee728b)  -> (artifact id: '4281bb5d43f46d442e5590aa25456ba4') in 0.057320 seconds 
========================================================================
Received Import Request.
  Time since last request: 0.000048 seconds.
  path: Assets/Cryptogene/Free Simple GUI/Sprites/Flat Style/Buttons/1,50x size/Button_L_02@1.5x.png
  artifactKey: Guid(868c8009cfc2d834a82478b13a346f40) Importer(815301076,1909f56bfc062723c751e8b465ee728b)
Start importing Assets/Cryptogene/Free Simple GUI/Sprites/Flat Style/Buttons/1,50x size/Button_L_02@1.5x.png using Guid(868c8009cfc2d834a82478b13a346f40) Importer(815301076,1909f56bfc062723c751e8b465ee728b)  -> (artifact id: 'e4d09412b0f060f84db6fc84b08cc7c4') in 0.044384 seconds 
========================================================================
Received Import Request.
  Time since last request: 0.000034 seconds.
  path: Assets/Cryptogene/Free Simple GUI/Sprites/Flat Style/Buttons/1,50x size/play@1.5x.png
  artifactKey: Guid(b9fd5eab2e52b4c45b6c46419b574cb8) Importer(815301076,1909f56bfc062723c751e8b465ee728b)
Start importing Assets/Cryptogene/Free Simple GUI/Sprites/Flat Style/Buttons/1,50x size/play@1.5x.png using Guid(b9fd5eab2e52b4c45b6c46419b574cb8) Importer(815301076,1909f56bfc062723c751e8b465ee728b)  -> (artifact id: 'b704cab5e3f098a662198edc51c03333') in 0.047156 seconds 
========================================================================
Received Import Request.
  Time since last request: 0.000033 seconds.
  path: Assets/Cryptogene/Free Simple GUI/Sprites/Flat Style/Buttons/1,50x size/locked@1.5x.png
  artifactKey: Guid(c2d6fbb2ab9ea8046a5ecf90cc0a5f3a) Importer(815301076,1909f56bfc062723c751e8b465ee728b)
Start importing Assets/Cryptogene/Free Simple GUI/Sprites/Flat Style/Buttons/1,50x size/locked@1.5x.png using Guid(c2d6fbb2ab9ea8046a5ecf90cc0a5f3a) Importer(815301076,1909f56bfc062723c751e8b465ee728b)  -> (artifact id: '77b95f76e71f5260e47856c72a593788') in 0.029461 seconds 
========================================================================
Received Import Request.
  Time since last request: 0.000042 seconds.
  path: Assets/Cryptogene/Free Simple GUI/Sprites/Flat Style/Buttons/1,50x size/Button_M_06@1.5x.png
  artifactKey: Guid(8f8dde9f759a07745a3704febbb3fc1f) Importer(815301076,1909f56bfc062723c751e8b465ee728b)
Start importing Assets/Cryptogene/Free Simple GUI/Sprites/Flat Style/Buttons/1,50x size/Button_M_06@1.5x.png using Guid(8f8dde9f759a07745a3704febbb3fc1f) Importer(815301076,1909f56bfc062723c751e8b465ee728b)  -> (artifact id: '7e67b9a39536164a1f78855bd9d20401') in 0.046689 seconds 
========================================================================
Received Import Request.
  Time since last request: 0.000028 seconds.
  path: Assets/Cryptogene/Free Simple GUI/Sprites/Flat Style/Buttons/1,50x size/Button_XL_04@1.5x.png
  artifactKey: Guid(2651d325ad604bd4abcb64cc5b4b3ea5) Importer(815301076,1909f56bfc062723c751e8b465ee728b)
Start importing Assets/Cryptogene/Free Simple GUI/Sprites/Flat Style/Buttons/1,50x size/Button_XL_04@1.5x.png using Guid(2651d325ad604bd4abcb64cc5b4b3ea5) Importer(815301076,1909f56bfc062723c751e8b465ee728b)  -> (artifact id: 'd30e003328c6a9a21fa255df9d2aaed1') in 0.058220 seconds 
========================================================================
Received Import Request.
  Time since last request: 0.000057 seconds.
  path: Assets/Cryptogene/Free Simple GUI/Sprites/Flat Style/Buttons/1,50x size/Button_XL_05@1.5x.png
  artifactKey: Guid(b88517a4440b1b741b2e57007f0db570) Importer(815301076,1909f56bfc062723c751e8b465ee728b)
Start importing Assets/Cryptogene/Free Simple GUI/Sprites/Flat Style/Buttons/1,50x size/Button_XL_05@1.5x.png using Guid(b88517a4440b1b741b2e57007f0db570) Importer(815301076,1909f56bfc062723c751e8b465ee728b)  -> (artifact id: 'ac44d6eb26dea0cdecd9135229daf244') in 0.061713 seconds 
========================================================================
Received Import Request.
  Time since last request: 0.000028 seconds.
  path: Assets/Cryptogene/Free Simple GUI/Sprites/Flat Style/Buttons/1,50x size/Button_S_06@1.5x.png
  artifactKey: Guid(4436a172834cc8d41a7e538a0c01c35e) Importer(815301076,1909f56bfc062723c751e8b465ee728b)
Start importing Assets/Cryptogene/Free Simple GUI/Sprites/Flat Style/Buttons/1,50x size/Button_S_06@1.5x.png using Guid(4436a172834cc8d41a7e538a0c01c35e) Importer(815301076,1909f56bfc062723c751e8b465ee728b)  -> (artifact id: 'f4cadb8ce39d4f23a2084e1feede268d') in 0.037144 seconds 
========================================================================
Received Import Request.
  Time since last request: 0.000036 seconds.
  path: Assets/Cryptogene/Free Simple GUI/Sprites/Flat Style/Buttons/1,50x size/Button_L_05@1.5x.png
  artifactKey: Guid(9ba12f60d8d0016478ab7e98a9e8f0b6) Importer(815301076,1909f56bfc062723c751e8b465ee728b)
Start importing Assets/Cryptogene/Free Simple GUI/Sprites/Flat Style/Buttons/1,50x size/Button_L_05@1.5x.png using Guid(9ba12f60d8d0016478ab7e98a9e8f0b6) Importer(815301076,1909f56bfc062723c751e8b465ee728b)  -> (artifact id: '60645ea0f04752473d2202049ca74b05') in 0.043456 seconds 
========================================================================
Received Import Request.
  Time since last request: 0.000049 seconds.
  path: Assets/Cryptogene/Free Simple GUI/Sprites/Flat Style/Buttons/1,50x size/Button_S_04@1.5x.png
  artifactKey: Guid(73e0879fd395cbf4d8bdb972a509011b) Importer(815301076,1909f56bfc062723c751e8b465ee728b)
Start importing Assets/Cryptogene/Free Simple GUI/Sprites/Flat Style/Buttons/1,50x size/Button_S_04@1.5x.png using Guid(73e0879fd395cbf4d8bdb972a509011b) Importer(815301076,1909f56bfc062723c751e8b465ee728b)  -> (artifact id: 'd11f07183e88ddeb7ec7bdfcf74b0293') in 0.038086 seconds 
========================================================================
Received Import Request.
  Time since last request: 0.000077 seconds.
  path: Assets/Cryptogene/Free Simple GUI/Sprites/Flat Style/Buttons/1,50x size/Button_M_03@1.5x.png
  artifactKey: Guid(0fabd6cfa57b5a0448bf9d3cc35c2eab) Importer(815301076,1909f56bfc062723c751e8b465ee728b)
Start importing Assets/Cryptogene/Free Simple GUI/Sprites/Flat Style/Buttons/1,50x size/Button_M_03@1.5x.png using Guid(0fabd6cfa57b5a0448bf9d3cc35c2eab) Importer(815301076,1909f56bfc062723c751e8b465ee728b)  -> (artifact id: '7a97260da0ce6d0b8f178124710584fc') in 0.039838 seconds 
========================================================================
Received Import Request.
  Time since last request: 0.000034 seconds.
  path: Assets/Cryptogene/Free Simple GUI/Sprites/Flat Style/Buttons/1,50x size/Button_XL_01@1.5x.png
  artifactKey: Guid(f5bebf0e1ce4c414788c4ab7c868969b) Importer(815301076,1909f56bfc062723c751e8b465ee728b)
Start importing Assets/Cryptogene/Free Simple GUI/Sprites/Flat Style/Buttons/1,50x size/Button_XL_01@1.5x.png using Guid(f5bebf0e1ce4c414788c4ab7c868969b) Importer(815301076,1909f56bfc062723c751e8b465ee728b)  -> (artifact id: 'f1462ac8a48a2216dc6ce55e9d957a86') in 0.074613 seconds 
========================================================================
Received Import Request.
  Time since last request: 0.000075 seconds.
  path: Assets/Cryptogene/Free Simple GUI/Sprites/Flat Style/Buttons/1,50x size/Button_XL_02@1.5x.png
  artifactKey: Guid(4ec127a8724f2484b88db143129cf854) Importer(815301076,1909f56bfc062723c751e8b465ee728b)
Start importing Assets/Cryptogene/Free Simple GUI/Sprites/Flat Style/Buttons/1,50x size/Button_XL_02@1.5x.png using Guid(4ec127a8724f2484b88db143129cf854) Importer(815301076,1909f56bfc062723c751e8b465ee728b)  -> (artifact id: '18d34e87f30dff27c74171976ca159b7') in 0.058440 seconds 
========================================================================
Received Import Request.
  Time since last request: 0.000048 seconds.
  path: Assets/Cryptogene/Free Simple GUI/Sprites/Flat Style/Buttons/1,50x size/Button_XL_09@1.5x.png
  artifactKey: Guid(c113ef35f06eb0d42b3285dc659b994f) Importer(815301076,1909f56bfc062723c751e8b465ee728b)
Start importing Assets/Cryptogene/Free Simple GUI/Sprites/Flat Style/Buttons/1,50x size/Button_XL_09@1.5x.png using Guid(c113ef35f06eb0d42b3285dc659b994f) Importer(815301076,1909f56bfc062723c751e8b465ee728b)  -> (artifact id: 'bb2d911418494c92884d4a47dd98dbec') in 0.063647 seconds 
========================================================================
Received Import Request.
  Time since last request: 0.000073 seconds.
  path: Assets/Cryptogene/Free Simple GUI/Sprites/Flat Style/Buttons/1,50x size/home@1.5x.png
  artifactKey: Guid(a29888b2fa1125e46887066c19253d5a) Importer(815301076,1909f56bfc062723c751e8b465ee728b)
Start importing Assets/Cryptogene/Free Simple GUI/Sprites/Flat Style/Buttons/1,50x size/home@1.5x.png using Guid(a29888b2fa1125e46887066c19253d5a) Importer(815301076,1909f56bfc062723c751e8b465ee728b)  -> (artifact id: 'f099175ad360849b71eaa8a44a9cb660') in 0.031120 seconds 
========================================================================
Received Import Request.
  Time since last request: 0.000034 seconds.
  path: Assets/Cryptogene/Free Simple GUI/Sprites/Flat Style/Buttons/1,50x size/Button_S_08@1.5x.png
  artifactKey: Guid(bb7e4d5afef386e4487c0e98ea7b5f9a) Importer(815301076,1909f56bfc062723c751e8b465ee728b)
Start importing Assets/Cryptogene/Free Simple GUI/Sprites/Flat Style/Buttons/1,50x size/Button_S_08@1.5x.png using Guid(bb7e4d5afef386e4487c0e98ea7b5f9a) Importer(815301076,1909f56bfc062723c751e8b465ee728b)  -> (artifact id: 'e3bcaeddd2d7ecb6444e857357fd2aa2') in 0.037015 seconds 
========================================================================
Received Import Request.
  Time since last request: 0.000048 seconds.
  path: Assets/Cryptogene/Free Simple GUI/Sprites/Flat Style/Buttons/1,50x size/Button_S_01@1.5x.png
  artifactKey: Guid(183339018c17acc4e93cdf69e40d3515) Importer(815301076,1909f56bfc062723c751e8b465ee728b)
Start importing Assets/Cryptogene/Free Simple GUI/Sprites/Flat Style/Buttons/1,50x size/Button_S_01@1.5x.png using Guid(183339018c17acc4e93cdf69e40d3515) Importer(815301076,1909f56bfc062723c751e8b465ee728b)  -> (artifact id: '01f837acce456b9ad7b7bfacd5197068') in 0.028947 seconds 
========================================================================
Received Import Request.
  Time since last request: 0.000034 seconds.
  path: Assets/Cryptogene/Free Simple GUI/Sprites/Flat Style/Buttons/1,50x size/Button_L_06@1.5x.png
  artifactKey: Guid(116bf00d6552ef84d8e48e695f2dff0c) Importer(815301076,1909f56bfc062723c751e8b465ee728b)
Start importing Assets/Cryptogene/Free Simple GUI/Sprites/Flat Style/Buttons/1,50x size/Button_L_06@1.5x.png using Guid(116bf00d6552ef84d8e48e695f2dff0c) Importer(815301076,1909f56bfc062723c751e8b465ee728b)  -> (artifact id: '9c10b62a5b7bb1d1974f6fca05e6e191') in 0.040277 seconds 
========================================================================
Received Import Request.
  Time since last request: 0.000031 seconds.
  path: Assets/Cryptogene/Free Simple GUI/Sprites/Flat Style/Buttons/1,50x size/Button_L_03@1.5x.png
  artifactKey: Guid(8de10d13af902144bb2487527b830e4f) Importer(815301076,1909f56bfc062723c751e8b465ee728b)
Start importing Assets/Cryptogene/Free Simple GUI/Sprites/Flat Style/Buttons/1,50x size/Button_L_03@1.5x.png using Guid(8de10d13af902144bb2487527b830e4f) Importer(815301076,1909f56bfc062723c751e8b465ee728b)  -> (artifact id: '391c29a2dca28898a26aeeadcf3ccbf4') in 0.040246 seconds 
========================================================================
Received Import Request.
  Time since last request: 0.000038 seconds.
  path: Assets/Cryptogene/Free Simple GUI/Sprites/Flat Style/Buttons/1,50x size/Button_M_08@1.5x.png
  artifactKey: Guid(a60be22c87952a448bf348e4d4c40634) Importer(815301076,1909f56bfc062723c751e8b465ee728b)
Start importing Assets/Cryptogene/Free Simple GUI/Sprites/Flat Style/Buttons/1,50x size/Button_M_08@1.5x.png using Guid(a60be22c87952a448bf348e4d4c40634) Importer(815301076,1909f56bfc062723c751e8b465ee728b)  -> (artifact id: 'a49eac1196eb6a9888887c09455475bd') in 0.036339 seconds 
========================================================================
Received Import Request.
  Time since last request: 0.000139 seconds.
  path: Assets/Cryptogene/Free Simple GUI/Sprites/Flat Style/Buttons/1,50x size/audioPlus@1.5x.png
  artifactKey: Guid(4f26f6ef430ad284b906dd99e20d6501) Importer(815301076,1909f56bfc062723c751e8b465ee728b)
Start importing Assets/Cryptogene/Free Simple GUI/Sprites/Flat Style/Buttons/1,50x size/audioPlus@1.5x.png using Guid(4f26f6ef430ad284b906dd99e20d6501) Importer(815301076,1909f56bfc062723c751e8b465ee728b)  -> (artifact id: '12fa77100fea42364b1486fc589053b0') in 0.023790 seconds 
Editor requested this worker to shutdown with reason: Scaling down because of idle timeout
AssetImportWorker is now disconnected from the server
Process exiting
Exiting without the bug reporter. Application will terminate with return code 0