Using pre-set license
Built from '2021.3/staging' branch; Version is '2021.3.6f1 (7da38d85baf6) revision 8233869'; Using compiler version '192829333'; Build Type 'Release'
OS: 'Windows 11  (10.0.22000) 64bit Core' Language: 'it' Physical Memory: 16147 MB
BatchMode: 1, IsHumanControllingUs: 0, StartBugReporterOnCrash: 0, Is64bit: 1, IsPro: 1

COMMAND LINE ARGUMENTS:
C:\Program Files\Unity\Hub\Editor\2021.3.6f1\Editor\Unity.exe
-adb2
-batchMode
-noUpm
-name
AssetImportWorker8
-projectPath
C:/Users/Nicolò/Desktop/TANKS_git/TANK
-logFile
Logs/AssetImportWorker8.log
-srvPort
58053
Successfully changed project path to: C:/Users/Nicolò/Desktop/TANKS_git/TANK
C:/Users/Nicolò/Desktop/TANKS_git/TANK
[UnityMemory] Configuration Parameters - Can be set up in boot.config
    "memorysetup-bucket-allocator-granularity=16"
    "memorysetup-bucket-allocator-bucket-count=8"
    "memorysetup-bucket-allocator-block-size=33554432"
    "memorysetup-bucket-allocator-block-count=8"
    "memorysetup-main-allocator-block-size=16777216"
    "memorysetup-thread-allocator-block-size=16777216"
    "memorysetup-gfx-main-allocator-block-size=16777216"
    "memorysetup-gfx-thread-allocator-block-size=16777216"
    "memorysetup-cache-allocator-block-size=4194304"
    "memorysetup-typetree-allocator-block-size=2097152"
    "memorysetup-profiler-bucket-allocator-granularity=16"
    "memorysetup-profiler-bucket-allocator-bucket-count=8"
    "memorysetup-profiler-bucket-allocator-block-size=33554432"
    "memorysetup-profiler-bucket-allocator-block-count=8"
    "memorysetup-profiler-allocator-block-size=16777216"
    "memorysetup-profiler-editor-allocator-block-size=1048576"
    "memorysetup-temp-allocator-size-main=16777216"
    "memorysetup-job-temp-allocator-block-size=2097152"
    "memorysetup-job-temp-allocator-block-size-background=1048576"
    "memorysetup-job-temp-allocator-reduction-small-platforms=262144"
    "memorysetup-temp-allocator-size-background-worker=32768"
    "memorysetup-temp-allocator-size-job-worker=262144"
    "memorysetup-temp-allocator-size-preload-manager=33554432"
    "memorysetup-temp-allocator-size-nav-mesh-worker=65536"
    "memorysetup-temp-allocator-size-audio-worker=65536"
    "memorysetup-temp-allocator-size-cloud-worker=32768"
    "memorysetup-temp-allocator-size-gi-baking-worker=262144"
    "memorysetup-temp-allocator-size-gfx=262144"
Refreshing native plugins compatible for Editor in 127.88 ms, found 3 plugins.
Preloading 0 native plugins for Editor in 0.00 ms.
Initialize engine version: 2021.3.6f1 (7da38d85baf6)
[Subsystems] Discovering subsystems at path C:/Program Files/Unity/Hub/Editor/2021.3.6f1/Editor/Data/Resources/UnitySubsystems
[Subsystems] Discovering subsystems at path C:/Users/Nicolò/Desktop/TANKS_git/TANK/Assets
GfxDevice: creating device client; threaded=0; jobified=0
Direct3D:
    Version:  Direct3D 11.0 [level 11.1]
    Renderer: NVIDIA GeForce RTX 3060 Laptop GPU (ID=0x2520)
    Vendor:   NVIDIA
    VRAM:     6023 MB
    Driver:   31.0.15.1748
Initialize mono
Mono path[0] = 'C:/Program Files/Unity/Hub/Editor/2021.3.6f1/Editor/Data/Managed'
Mono path[1] = 'C:/Program Files/Unity/Hub/Editor/2021.3.6f1/Editor/Data/MonoBleedingEdge/lib/mono/unityjit-win32'
Mono config path = 'C:/Program Files/Unity/Hub/Editor/2021.3.6f1/Editor/Data/MonoBleedingEdge/etc'
Using monoOptions --debugger-agent=transport=dt_socket,embedding=1,server=y,suspend=n,address=127.0.0.1:56776
Begin MonoManager ReloadAssembly
Registering precompiled unity dll's ...
Register platform support module: C:/Program Files/Unity/Hub/Editor/2021.3.6f1/Editor/Data/PlaybackEngines/WindowsStandaloneSupport/UnityEditor.WindowsStandalone.Extensions.dll
Registered in 0.004395 seconds.
Native extension for WindowsStandalone target not found
Refreshing native plugins compatible for Editor in 135.18 ms, found 3 plugins.
Preloading 0 native plugins for Editor in 0.00 ms.
Mono: successfully reloaded assembly
- Completed reload, in  0.701 seconds
Domain Reload Profiling:
	ReloadAssembly (702ms)
		BeginReloadAssembly (73ms)
			ExecutionOrderSort (0ms)
			DisableScriptedObjects (0ms)
			BackupInstance (0ms)
			ReleaseScriptingObjects (0ms)
			CreateAndSetChildDomain (1ms)
		EndReloadAssembly (518ms)
			LoadAssemblies (71ms)
			RebuildTransferFunctionScriptingTraits (0ms)
			SetupTypeCache (115ms)
			ReleaseScriptCaches (0ms)
			RebuildScriptCaches (33ms)
			SetupLoadedEditorAssemblies (312ms)
				LogAssemblyErrors (0ms)
				InitializePlatformSupportModulesInManaged (6ms)
				SetLoadedEditorAssemblies (0ms)
				RefreshPlugins (135ms)
				BeforeProcessingInitializeOnLoad (2ms)
				ProcessInitializeOnLoadAttributes (123ms)
				ProcessInitializeOnLoadMethodAttributes (45ms)
				AfterProcessingInitializeOnLoad (0ms)
				EditorAssembliesLoaded (0ms)
			ExecutionOrderSort2 (0ms)
			AwakeInstancesAfterBackupRestoration (0ms)
Platform modules already initialized, skipping
Registering precompiled user dll's ...
Registered in 0.007439 seconds.
Begin MonoManager ReloadAssembly
Symbol file LoadedFromMemory doesn't match image C:\Users\Nicolò\Desktop\TANKS_git\TANK\Library\PackageCache\com.unity.visualscripting@1.7.8\Editor\VisualScripting.Core\Dependencies\DotNetZip\Unity.VisualScripting.IonicZip.dll
Symbol file LoadedFromMemory doesn't match image C:\Users\Nicolò\Desktop\TANKS_git\TANK\Library\PackageCache\com.unity.visualscripting@1.7.8\Editor\VisualScripting.Core\Dependencies\YamlDotNet\Unity.VisualScripting.YamlDotNet.dll
Native extension for WindowsStandalone target not found
Refreshing native plugins compatible for Editor in 1.19 ms, found 3 plugins.
Preloading 0 native plugins for Editor in 0.00 ms.
Package Manager log level set to [2]
Mono: successfully reloaded assembly
- Completed reload, in  1.235 seconds
Domain Reload Profiling:
	ReloadAssembly (1236ms)
		BeginReloadAssembly (123ms)
			ExecutionOrderSort (0ms)
			DisableScriptedObjects (5ms)
			BackupInstance (0ms)
			ReleaseScriptingObjects (0ms)
			CreateAndSetChildDomain (19ms)
		EndReloadAssembly (1008ms)
			LoadAssemblies (123ms)
			RebuildTransferFunctionScriptingTraits (0ms)
			SetupTypeCache (281ms)
			ReleaseScriptCaches (1ms)
			RebuildScriptCaches (63ms)
			SetupLoadedEditorAssemblies (511ms)
				LogAssemblyErrors (0ms)
				InitializePlatformSupportModulesInManaged (4ms)
				SetLoadedEditorAssemblies (0ms)
				RefreshPlugins (1ms)
				BeforeProcessingInitializeOnLoad (104ms)
				ProcessInitializeOnLoadAttributes (263ms)
				ProcessInitializeOnLoadMethodAttributes (134ms)
				AfterProcessingInitializeOnLoad (4ms)
				EditorAssembliesLoaded (0ms)
			ExecutionOrderSort2 (0ms)
			AwakeInstancesAfterBackupRestoration (5ms)
Platform modules already initialized, skipping
========================================================================
Worker process is ready to serve import requests
Launched and connected shader compiler UnityShaderCompiler.exe after 0.08 seconds
Refreshing native plugins compatible for Editor in 1.22 ms, found 3 plugins.
Preloading 0 native plugins for Editor in 0.00 ms.
Unloading 4295 Unused Serialized files (Serialized files now loaded: 0)
Unloading 70 unused Assets / (1.3 MB). Loaded Objects now: 4744.
Memory consumption went from 240.2 MB to 238.9 MB.
Total: 7.980700 ms (FindLiveObjects: 0.387000 ms CreateObjectMapping: 0.135400 ms MarkObjects: 6.909700 ms  DeleteObjects: 0.547200 ms)

AssetImportParameters requested are different than current active one (requested -> active):
  custom:video-decoder-ogg-theora: a1e56fd34408186e4bbccfd4996cb3dc -> 
  custom:container-muxer-webm: aa71ff27fc2769a1b78a27578f13a17b -> 
  custom:container-demuxer-webm: 4f35f7cbe854078d1ac9338744f61a02 -> 
  custom:video-encoder-webm-vp8: eb34c28f22e8b96e1ab97ce403110664 -> 
  custom:audio-encoder-webm-vorbis: bf7c407c2cedff20999df2af8eb42d56 -> 
  custom:framework-win-MediaFoundation: 216162199b28c13a410421893ffa2e32 -> 
  custom:container-demuxer-ogg: 62fdf1f143b41e24485cea50d1cbac27 -> 
  custom:video-decoder-webm-vp8: 9c59270c3fd7afecdb556c50c9e8de78 -> 
  custom:audio-decoder-ogg-vorbis: bf7c407c2cedff20999df2af8eb42d56 -> 
========================================================================
Received Import Request.
  Time since last request: 320574.515571 seconds.
  path: Assets/Nicolò/Prefab/TinyFlamesMIO.prefab
  artifactKey: Guid(ce29cf52e39174f489e9456cb5952e3c) Importer(815301076,1909f56bfc062723c751e8b465ee728b)
Start importing Assets/Nicolò/Prefab/TinyFlamesMIO.prefab using Guid(ce29cf52e39174f489e9456cb5952e3c) Importer(815301076,1909f56bfc062723c751e8b465ee728b)  -> (artifact id: '6158255d0292c8af99e1b4bcd324d67d') in 0.230378 seconds 
========================================================================
Received Import Request.
  Time since last request: 0.041817 seconds.
  path: Assets/Nicolò/Prefab/EnergyExplosion.prefab
  artifactKey: Guid(4e6bc97cd550bf240a474ce59352e144) Importer(815301076,1909f56bfc062723c751e8b465ee728b)
Start importing Assets/Nicolò/Prefab/EnergyExplosion.prefab using Guid(4e6bc97cd550bf240a474ce59352e144) Importer(815301076,1909f56bfc062723c751e8b465ee728b)  -> (artifact id: '27f436b3478b620c912c41ba58b473e1') in 0.057328 seconds 
========================================================================
Received Import Request.
  Time since last request: 0.000037 seconds.
  path: Assets/Nicolò/Prefab/SuperBullet.prefab
  artifactKey: Guid(cc5a7f8bc36187d47a68435cb9245f16) Importer(815301076,1909f56bfc062723c751e8b465ee728b)
Start importing Assets/Nicolò/Prefab/SuperBullet.prefab using Guid(cc5a7f8bc36187d47a68435cb9245f16) Importer(815301076,1909f56bfc062723c751e8b465ee728b)  -> (artifact id: 'aedf4b4627212dff8253b4ce128f114c') in 0.066841 seconds 
========================================================================
Received Import Request.
  Time since last request: 0.000032 seconds.
  path: Assets/Nicolò/Prefab/Mine.prefab
  artifactKey: Guid(a903ceb6bdf22054a8938c09e2fff6b0) Importer(815301076,1909f56bfc062723c751e8b465ee728b)
Start importing Assets/Nicolò/Prefab/Mine.prefab using Guid(a903ceb6bdf22054a8938c09e2fff6b0) Importer(815301076,1909f56bfc062723c751e8b465ee728b)  -> (artifact id: '5228a0e45899fbad63afe1eecabbdd71') in 0.075600 seconds 
========================================================================
Received Import Request.
  Time since last request: 0.000042 seconds.
  path: Assets/Nicolò/Prefab/NormalBullert 1.prefab
  artifactKey: Guid(a76a8006b6101184784da9bacc45e6d5) Importer(815301076,1909f56bfc062723c751e8b465ee728b)
Start importing Assets/Nicolò/Prefab/NormalBullert 1.prefab using Guid(a76a8006b6101184784da9bacc45e6d5) Importer(815301076,1909f56bfc062723c751e8b465ee728b)  -> (artifact id: 'd8bc1206c44a49149ea0faf2d91b9b02') in 0.113469 seconds 
========================================================================
Received Import Request.
  Time since last request: 36.581750 seconds.
  path: Assets/AudioClips/BackgroundMusic.wav
  artifactKey: Guid(8ce5d020a687c314891341b4126d1de2) Importer(815301076,1909f56bfc062723c751e8b465ee728b)
Start importing Assets/AudioClips/BackgroundMusic.wav using Guid(8ce5d020a687c314891341b4126d1de2) Importer(815301076,1909f56bfc062723c751e8b465ee728b)  -> (artifact id: '3bd6448d38aff65d9667a01f939794b6') in 0.056767 seconds 
========================================================================
Received Import Request.
  Time since last request: 0.000069 seconds.
  path: Assets/AudioClips/ShotCharging.wav
  artifactKey: Guid(c17f124fcdc0f5446a72f793898bd74b) Importer(815301076,1909f56bfc062723c751e8b465ee728b)
Start importing Assets/AudioClips/ShotCharging.wav using Guid(c17f124fcdc0f5446a72f793898bd74b) Importer(815301076,1909f56bfc062723c751e8b465ee728b)  -> (artifact id: 'b5c5cca27a81db15be882d8fcf94ae48') in 0.022256 seconds 
========================================================================
Received Import Request.
  Time since last request: 2.866866 seconds.
  path: Assets/Nicolò/Prefab/at_mine_LOD2 1.prefab
  artifactKey: Guid(5a3971b033a96ca4982fc43836621993) Importer(815301076,1909f56bfc062723c751e8b465ee728b)
Start importing Assets/Nicolò/Prefab/at_mine_LOD2 1.prefab using Guid(5a3971b033a96ca4982fc43836621993) Importer(815301076,1909f56bfc062723c751e8b465ee728b)  -> (artifact id: 'f93d14c4f896674bcdacee4b77d39702') in 0.043911 seconds 
========================================================================
Received Import Request.
  Time since last request: 24.682973 seconds.
  path: Assets/Nicolò/Prefab/BigExplosionMIO.prefab
  artifactKey: Guid(e4ec68c3d1e63ae44a1e6a594a1a0141) Importer(815301076,1909f56bfc062723c751e8b465ee728b)
Start importing Assets/Nicolò/Prefab/BigExplosionMIO.prefab using Guid(e4ec68c3d1e63ae44a1e6a594a1a0141) Importer(815301076,1909f56bfc062723c751e8b465ee728b)  -> (artifact id: '80be91e0b10a5e27148af29051b1dd7a') in 0.041491 seconds 
========================================================================
Received Import Request.
  Time since last request: 17.403447 seconds.
  path: Assets/Nicolò/Prefab/at_mine_LOD2 1.prefab
  artifactKey: Guid(5a3971b033a96ca4982fc43836621993) Importer(815301076,1909f56bfc062723c751e8b465ee728b)
Start importing Assets/Nicolò/Prefab/at_mine_LOD2 1.prefab using Guid(5a3971b033a96ca4982fc43836621993) Importer(815301076,1909f56bfc062723c751e8b465ee728b)  -> (artifact id: 'dd1f258cf9c009861294f6d919f17b00') in 0.053312 seconds 
========================================================================
Received Import Request.
  Time since last request: 15.929457 seconds.
  path: Assets/Nicolò/Prefab/BONUS COIN.prefab
  artifactKey: Guid(1246265d1072b264fa100b6a1c381715) Importer(815301076,1909f56bfc062723c751e8b465ee728b)
Start importing Assets/Nicolò/Prefab/BONUS COIN.prefab using Guid(1246265d1072b264fa100b6a1c381715) Importer(815301076,1909f56bfc062723c751e8b465ee728b)  -> (artifact id: '87d79815f3d91361745d38169278462a') in 0.021973 seconds 
========================================================================
Received Import Request.
  Time since last request: 33.746823 seconds.
  path: Assets/Nicolò/Prefab/BONUS SHIELD.prefab
  artifactKey: Guid(4807f876542a37d4284c8f4a74867b13) Importer(815301076,1909f56bfc062723c751e8b465ee728b)
Start importing Assets/Nicolò/Prefab/BONUS SHIELD.prefab using Guid(4807f876542a37d4284c8f4a74867b13) Importer(815301076,1909f56bfc062723c751e8b465ee728b)  -> (artifact id: '6fa689f43104c7b2a09ed69f39f08aea') in 0.020624 seconds 
========================================================================
Received Import Request.
  Time since last request: 1.186641 seconds.
  path: Assets/Nicolò/Prefab/BONUS SHIELD.prefab
  artifactKey: Guid(4807f876542a37d4284c8f4a74867b13) Importer(815301076,1909f56bfc062723c751e8b465ee728b)
Start importing Assets/Nicolò/Prefab/BONUS SHIELD.prefab using Guid(4807f876542a37d4284c8f4a74867b13) Importer(815301076,1909f56bfc062723c751e8b465ee728b)  -> (artifact id: '56ae0f026c7a1feb856f8ae1a4fde68c') in 0.025252 seconds 
========================================================================
Received Import Request.
  Time since last request: 6.258102 seconds.
  path: Assets/Nicolò/Prefab/BONUS SHIELD.prefab
  artifactKey: Guid(4807f876542a37d4284c8f4a74867b13) Importer(815301076,1909f56bfc062723c751e8b465ee728b)
Start importing Assets/Nicolò/Prefab/BONUS SHIELD.prefab using Guid(4807f876542a37d4284c8f4a74867b13) Importer(815301076,1909f56bfc062723c751e8b465ee728b)  -> (artifact id: '3c8c1ab9ddefa0ef30500708163f5992') in 0.023019 seconds 
========================================================================
Received Import Request.
  Time since last request: 2.165456 seconds.
  path: Assets/Nicolò/Prefab/BONUS COIN.prefab
  artifactKey: Guid(1246265d1072b264fa100b6a1c381715) Importer(815301076,1909f56bfc062723c751e8b465ee728b)
Start importing Assets/Nicolò/Prefab/BONUS COIN.prefab using Guid(1246265d1072b264fa100b6a1c381715) Importer(815301076,1909f56bfc062723c751e8b465ee728b)  -> (artifact id: '73000554bb63b3d13b7443fa4177f551') in 0.017932 seconds 
========================================================================
Received Import Request.
  Time since last request: 22.987980 seconds.
  path: Assets/Nicolò/Prefab/BONUS SWORD.prefab
  artifactKey: Guid(dc04bb67f3e82d44eaa8d221b72ec8bc) Importer(815301076,1909f56bfc062723c751e8b465ee728b)
Start importing Assets/Nicolò/Prefab/BONUS SWORD.prefab using Guid(dc04bb67f3e82d44eaa8d221b72ec8bc) Importer(815301076,1909f56bfc062723c751e8b465ee728b)  -> (artifact id: '84d7ece6cb0b33753c6ca0e7ba83c5bc') in 0.018189 seconds 
========================================================================
Received Import Request.
  Time since last request: 1.386772 seconds.
  path: Assets/Nicolò/Prefab/BONUS SWORD.prefab
  artifactKey: Guid(dc04bb67f3e82d44eaa8d221b72ec8bc) Importer(815301076,1909f56bfc062723c751e8b465ee728b)
Start importing Assets/Nicolò/Prefab/BONUS SWORD.prefab using Guid(dc04bb67f3e82d44eaa8d221b72ec8bc) Importer(815301076,1909f56bfc062723c751e8b465ee728b)  -> (artifact id: '7bb88b9a2f655c3981098d42db3dc687') in 0.021194 seconds 
========================================================================
Received Import Request.
  Time since last request: 15.222294 seconds.
  path: Assets/Nicolò/Prefab/Missile 1.prefab
  artifactKey: Guid(56227632609ac2d46ab3c1d7480cbe13) Importer(815301076,1909f56bfc062723c751e8b465ee728b)
Start importing Assets/Nicolò/Prefab/Missile 1.prefab using Guid(56227632609ac2d46ab3c1d7480cbe13) Importer(815301076,1909f56bfc062723c751e8b465ee728b)  -> (artifact id: 'ee7171a73c583be1c9e02b91600c7fdb') in 0.040113 seconds 
========================================================================
Received Import Request.
  Time since last request: 31.604244 seconds.
  path: Assets/Nicolò/Prefab/PlasmaExplosionEffectMIO.prefab
  artifactKey: Guid(13d9786b3c0af0d45851068eb6ac3e55) Importer(815301076,1909f56bfc062723c751e8b465ee728b)
Start importing Assets/Nicolò/Prefab/PlasmaExplosionEffectMIO.prefab using Guid(13d9786b3c0af0d45851068eb6ac3e55) Importer(815301076,1909f56bfc062723c751e8b465ee728b)  -> (artifact id: '64b8de7b3f605a9f086df04e764a0958') in 0.026522 seconds 
========================================================================
Received Import Request.
  Time since last request: 0.002463 seconds.
  path: Assets/Nicolò/Prefab/Missile 1.prefab
  artifactKey: Guid(56227632609ac2d46ab3c1d7480cbe13) Importer(815301076,1909f56bfc062723c751e8b465ee728b)
Start importing Assets/Nicolò/Prefab/Missile 1.prefab using Guid(56227632609ac2d46ab3c1d7480cbe13) Importer(815301076,1909f56bfc062723c751e8b465ee728b)  -> (artifact id: '76ea1b149e9d957e64a21d12e114ce24') in 0.069888 seconds 
========================================================================
Received Import Request.
  Time since last request: 13.236671 seconds.
  path: Assets/Nicolò/Prefab/NormalBullert 1.prefab
  artifactKey: Guid(a76a8006b6101184784da9bacc45e6d5) Importer(815301076,1909f56bfc062723c751e8b465ee728b)
Start importing Assets/Nicolò/Prefab/NormalBullert 1.prefab using Guid(a76a8006b6101184784da9bacc45e6d5) Importer(815301076,1909f56bfc062723c751e8b465ee728b)  -> (artifact id: 'a36c2e455d5dca858682744bdb41877f') in 0.053796 seconds 
========================================================================
Received Import Request.
  Time since last request: 3.070568 seconds.
  path: Assets/EffectExamples/Fire & Explosion Effects/Prefabs/BigExplosion.prefab
  artifactKey: Guid(e1b08032bec16ba4eb1ae23cbd572664) Importer(815301076,1909f56bfc062723c751e8b465ee728b)
Start importing Assets/EffectExamples/Fire & Explosion Effects/Prefabs/BigExplosion.prefab using Guid(e1b08032bec16ba4eb1ae23cbd572664) Importer(815301076,1909f56bfc062723c751e8b465ee728b)  -> (artifact id: '5386119a5281904ae74a8018dd8e533a') in 0.047981 seconds 
========================================================================
Received Import Request.
  Time since last request: 0.173337 seconds.
  path: Assets/EffectExamples/Fire & Explosion Effects/Prefabs/EnergyExplosion.prefab
  artifactKey: Guid(9bba9cf244c53c5439505dfc96fdd11c) Importer(815301076,1909f56bfc062723c751e8b465ee728b)
Start importing Assets/EffectExamples/Fire & Explosion Effects/Prefabs/EnergyExplosion.prefab using Guid(9bba9cf244c53c5439505dfc96fdd11c) Importer(815301076,1909f56bfc062723c751e8b465ee728b)  -> (artifact id: '26aff3f77c97b4c6cd8d4a0f0edae1a7') in 0.037198 seconds 
========================================================================
Received Import Request.
  Time since last request: 0.177091 seconds.
  path: Assets/EffectExamples/Fire & Explosion Effects/Prefabs/DrippingFlames.prefab
  artifactKey: Guid(ce4133109fd2cb7469faad8e7c4307a4) Importer(815301076,1909f56bfc062723c751e8b465ee728b)
Start importing Assets/EffectExamples/Fire & Explosion Effects/Prefabs/DrippingFlames.prefab using Guid(ce4133109fd2cb7469faad8e7c4307a4) Importer(815301076,1909f56bfc062723c751e8b465ee728b)  -> (artifact id: 'bdbc8b005172d5e010c717438c9e424d') in 0.169517 seconds 
========================================================================
Received Import Request.
  Time since last request: 0.000024 seconds.
  path: Assets/EffectExamples/Fire & Explosion Effects/Prefabs/PlasmaExplosionEffect.prefab
  artifactKey: Guid(96730f8640590934eacb6f860058e7f9) Importer(815301076,1909f56bfc062723c751e8b465ee728b)
Start importing Assets/EffectExamples/Fire & Explosion Effects/Prefabs/PlasmaExplosionEffect.prefab using Guid(96730f8640590934eacb6f860058e7f9) Importer(815301076,1909f56bfc062723c751e8b465ee728b)  -> (artifact id: 'b1fb71210ba351c6bf2f9391b294047f') in 0.035023 seconds 
========================================================================
Received Import Request.
  Time since last request: 0.000088 seconds.
  path: Assets/EffectExamples/Fire & Explosion Effects/Prefabs/TinyExplosion.prefab
  artifactKey: Guid(25c7aa9ad705fe143a4d71c1c8deb7d4) Importer(815301076,1909f56bfc062723c751e8b465ee728b)
Start importing Assets/EffectExamples/Fire & Explosion Effects/Prefabs/TinyExplosion.prefab using Guid(25c7aa9ad705fe143a4d71c1c8deb7d4) Importer(815301076,1909f56bfc062723c751e8b465ee728b)  -> (artifact id: 'e3d7437f626db5ea3b0d3df8df7a8d4e') in 0.039484 seconds 
========================================================================
Received Import Request.
  Time since last request: 0.000049 seconds.
  path: Assets/EffectExamples/Fire & Explosion Effects/Prefabs/WallFlames.prefab
  artifactKey: Guid(2c7e85f4b03483447a66947c83fb7468) Importer(815301076,1909f56bfc062723c751e8b465ee728b)
Start importing Assets/EffectExamples/Fire & Explosion Effects/Prefabs/WallFlames.prefab using Guid(2c7e85f4b03483447a66947c83fb7468) Importer(815301076,1909f56bfc062723c751e8b465ee728b)  -> (artifact id: '59f4234ef15c1dcf9090796be1ec9bdd') in 0.032198 seconds 
========================================================================
Received Import Request.
  Time since last request: 0.000038 seconds.
  path: Assets/EffectExamples/Fire & Explosion Effects/Prefabs/SmallExplosion.prefab
  artifactKey: Guid(64891a0eb28db934898420d80ca07cb3) Importer(815301076,1909f56bfc062723c751e8b465ee728b)
Start importing Assets/EffectExamples/Fire & Explosion Effects/Prefabs/SmallExplosion.prefab using Guid(64891a0eb28db934898420d80ca07cb3) Importer(815301076,1909f56bfc062723c751e8b465ee728b)  -> (artifact id: '0f32f4f78841d0cd223a8acec484d5f9') in 0.039249 seconds 
========================================================================
Received Import Request.
  Time since last request: 0.000070 seconds.
  path: Assets/EffectExamples/Fire & Explosion Effects/Prefabs/TorchEffect.prefab
  artifactKey: Guid(3cdf614b79009ca49a2a5c117fb49c35) Importer(815301076,1909f56bfc062723c751e8b465ee728b)
Start importing Assets/EffectExamples/Fire & Explosion Effects/Prefabs/TorchEffect.prefab using Guid(3cdf614b79009ca49a2a5c117fb49c35) Importer(815301076,1909f56bfc062723c751e8b465ee728b)  -> (artifact id: '01be05d226b879eee76bcfce42bb98e2') in 0.030480 seconds 
========================================================================
Received Import Request.
  Time since last request: 0.000033 seconds.
  path: Assets/EffectExamples/Fire & Explosion Effects/Prefabs/SmallExplosionEffect.prefab
  artifactKey: Guid(ecdd96beb7f93494880c052dfccf9dc1) Importer(815301076,1909f56bfc062723c751e8b465ee728b)
Start importing Assets/EffectExamples/Fire & Explosion Effects/Prefabs/SmallExplosionEffect.prefab using Guid(ecdd96beb7f93494880c052dfccf9dc1) Importer(815301076,1909f56bfc062723c751e8b465ee728b)  -> (artifact id: '8b18142648beb7ddc6d6fbbad45da446') in 0.031636 seconds 
========================================================================
Received Import Request.
  Time since last request: 0.000034 seconds.
  path: Assets/EffectExamples/Fire & Explosion Effects/Prefabs/DustExplosion.prefab
  artifactKey: Guid(d8f0099df63275647a8bcf646df1ca00) Importer(815301076,1909f56bfc062723c751e8b465ee728b)
Start importing Assets/EffectExamples/Fire & Explosion Effects/Prefabs/DustExplosion.prefab using Guid(d8f0099df63275647a8bcf646df1ca00) Importer(815301076,1909f56bfc062723c751e8b465ee728b)  -> (artifact id: '84cfad2fe87bcc06a18e692bb1a9c7f1') in 0.046070 seconds 
========================================================================
Received Import Request.
  Time since last request: 0.000090 seconds.
  path: Assets/EffectExamples/Fire & Explosion Effects/Prefabs/FlamesParticleEffect.prefab
  artifactKey: Guid(3228a22491941734bb83ad691d17fcb9) Importer(815301076,1909f56bfc062723c751e8b465ee728b)
Start importing Assets/EffectExamples/Fire & Explosion Effects/Prefabs/FlamesParticleEffect.prefab using Guid(3228a22491941734bb83ad691d17fcb9) Importer(815301076,1909f56bfc062723c751e8b465ee728b)  -> (artifact id: '91fe3b9181cd97eee012ce1953b07604') in 0.026884 seconds 
========================================================================
Received Import Request.
  Time since last request: 0.000077 seconds.
  path: Assets/EffectExamples/Fire & Explosion Effects/Prefabs/FlameThrower.prefab
  artifactKey: Guid(007c57e2df8e9b144b99f471b84f3d56) Importer(815301076,1909f56bfc062723c751e8b465ee728b)
Start importing Assets/EffectExamples/Fire & Explosion Effects/Prefabs/FlameThrower.prefab using Guid(007c57e2df8e9b144b99f471b84f3d56) Importer(815301076,1909f56bfc062723c751e8b465ee728b)  -> (artifact id: 'fd32d3d33ebd2f99aeee67ab025442a9') in 0.043138 seconds 
========================================================================
Received Import Request.
  Time since last request: 57.655789 seconds.
  path: Assets/Nicolò/Prefab/NormalShot.prefab
  artifactKey: Guid(0412764c19a445e4ab63977788ff465d) Importer(815301076,1909f56bfc062723c751e8b465ee728b)
Start importing Assets/Nicolò/Prefab/NormalShot.prefab using Guid(0412764c19a445e4ab63977788ff465d) Importer(815301076,1909f56bfc062723c751e8b465ee728b)  -> (artifact id: '7107916458514c853a4ee9fafc9e24b0') in 0.037442 seconds 
========================================================================
Received Import Request.
  Time since last request: 33.163438 seconds.
  path: Assets/Nicolò/Prefab/SuperBullet.prefab
  artifactKey: Guid(cc5a7f8bc36187d47a68435cb9245f16) Importer(815301076,1909f56bfc062723c751e8b465ee728b)
Start importing Assets/Nicolò/Prefab/SuperBullet.prefab using Guid(cc5a7f8bc36187d47a68435cb9245f16) Importer(815301076,1909f56bfc062723c751e8b465ee728b)  -> (artifact id: '4d20f3c5e8e3935a927cec8e1b46d7dd') in 0.043425 seconds 
========================================================================
Received Import Request.
  Time since last request: 126.496681 seconds.
  path: Assets/Nicolò/Prefab/Mine.prefab
  artifactKey: Guid(a903ceb6bdf22054a8938c09e2fff6b0) Importer(815301076,1909f56bfc062723c751e8b465ee728b)
Start importing Assets/Nicolò/Prefab/Mine.prefab using Guid(a903ceb6bdf22054a8938c09e2fff6b0) Importer(815301076,1909f56bfc062723c751e8b465ee728b)  -> (artifact id: 'c4aacf8cb80eb01d9a4c2a99899a3637') in 0.033713 seconds 
========================================================================
Received Prepare
Registering precompiled user dll's ...
Registered in 0.006739 seconds.
Begin MonoManager ReloadAssembly
Symbol file LoadedFromMemory doesn't match image C:\Users\Nicolò\Desktop\TANKS_git\TANK\Library\PackageCache\com.unity.visualscripting@1.7.8\Editor\VisualScripting.Core\Dependencies\DotNetZip\Unity.VisualScripting.IonicZip.dll
Symbol file LoadedFromMemory doesn't match image C:\Users\Nicolò\Desktop\TANKS_git\TANK\Library\PackageCache\com.unity.visualscripting@1.7.8\Editor\VisualScripting.Core\Dependencies\YamlDotNet\Unity.VisualScripting.YamlDotNet.dll
Native extension for WindowsStandalone target not found
Refreshing native plugins compatible for Editor in 1.59 ms, found 3 plugins.
Preloading 0 native plugins for Editor in 0.00 ms.
Mono: successfully reloaded assembly
- Completed reload, in  1.295 seconds
Domain Reload Profiling:
	ReloadAssembly (1295ms)
		BeginReloadAssembly (235ms)
			ExecutionOrderSort (0ms)
			DisableScriptedObjects (8ms)
			BackupInstance (0ms)
			ReleaseScriptingObjects (0ms)
			CreateAndSetChildDomain (75ms)
		EndReloadAssembly (942ms)
			LoadAssemblies (138ms)
			RebuildTransferFunctionScriptingTraits (0ms)
			SetupTypeCache (321ms)
			ReleaseScriptCaches (3ms)
			RebuildScriptCaches (45ms)
			SetupLoadedEditorAssemblies (432ms)
				LogAssemblyErrors (0ms)
				InitializePlatformSupportModulesInManaged (14ms)
				SetLoadedEditorAssemblies (1ms)
				RefreshPlugins (2ms)
				BeforeProcessingInitializeOnLoad (77ms)
				ProcessInitializeOnLoadAttributes (208ms)
				ProcessInitializeOnLoadMethodAttributes (125ms)
				AfterProcessingInitializeOnLoad (5ms)
				EditorAssembliesLoaded (0ms)
			ExecutionOrderSort2 (0ms)
			AwakeInstancesAfterBackupRestoration (7ms)
Platform modules already initialized, skipping
Refreshing native plugins compatible for Editor in 6.63 ms, found 3 plugins.
Preloading 0 native plugins for Editor in 0.00 ms.
Unloading 4245 Unused Serialized files (Serialized files now loaded: 0)
Unloading 61 unused Assets / (1.2 MB). Loaded Objects now: 4761.
Memory consumption went from 240.4 MB to 239.1 MB.
Total: 10.040000 ms (FindLiveObjects: 0.414900 ms CreateObjectMapping: 0.342700 ms MarkObjects: 8.983300 ms  DeleteObjects: 0.297500 ms)

AssetImportParameters requested are different than current active one (requested -> active):
  custom:video-decoder-ogg-theora: a1e56fd34408186e4bbccfd4996cb3dc -> 
  custom:container-muxer-webm: aa71ff27fc2769a1b78a27578f13a17b -> 
  custom:container-demuxer-webm: 4f35f7cbe854078d1ac9338744f61a02 -> 
  custom:video-encoder-webm-vp8: eb34c28f22e8b96e1ab97ce403110664 -> 
  custom:audio-encoder-webm-vorbis: bf7c407c2cedff20999df2af8eb42d56 -> 
  custom:framework-win-MediaFoundation: 216162199b28c13a410421893ffa2e32 -> 
  custom:container-demuxer-ogg: 62fdf1f143b41e24485cea50d1cbac27 -> 
  custom:video-decoder-webm-vp8: 9c59270c3fd7afecdb556c50c9e8de78 -> 
  custom:audio-decoder-ogg-vorbis: bf7c407c2cedff20999df2af8eb42d56 -> 
========================================================================
Received Import Request.
  Time since last request: 7.367514 seconds.
  path: Assets/Nicolò/Prefab/Mine.prefab
  artifactKey: Guid(a903ceb6bdf22054a8938c09e2fff6b0) Importer(815301076,1909f56bfc062723c751e8b465ee728b)
Start importing Assets/Nicolò/Prefab/Mine.prefab using Guid(a903ceb6bdf22054a8938c09e2fff6b0) Importer(815301076,1909f56bfc062723c751e8b465ee728b)  -> (artifact id: 'ccde6c6862f7c56a88756e3c5f8ecfe6') in 0.114646 seconds 
========================================================================
Received Prepare
Registering precompiled user dll's ...
Registered in 0.007184 seconds.
Begin MonoManager ReloadAssembly
Symbol file LoadedFromMemory doesn't match image C:\Users\Nicolò\Desktop\TANKS_git\TANK\Library\PackageCache\com.unity.visualscripting@1.7.8\Editor\VisualScripting.Core\Dependencies\DotNetZip\Unity.VisualScripting.IonicZip.dll
Symbol file LoadedFromMemory doesn't match image C:\Users\Nicolò\Desktop\TANKS_git\TANK\Library\PackageCache\com.unity.visualscripting@1.7.8\Editor\VisualScripting.Core\Dependencies\YamlDotNet\Unity.VisualScripting.YamlDotNet.dll
Native extension for WindowsStandalone target not found
Refreshing native plugins compatible for Editor in 2.38 ms, found 3 plugins.
Preloading 0 native plugins for Editor in 0.00 ms.
Mono: successfully reloaded assembly
- Completed reload, in  1.686 seconds
Domain Reload Profiling:
	ReloadAssembly (1687ms)
		BeginReloadAssembly (175ms)
			ExecutionOrderSort (0ms)
			DisableScriptedObjects (6ms)
			BackupInstance (0ms)
			ReleaseScriptingObjects (0ms)
			CreateAndSetChildDomain (59ms)
		EndReloadAssembly (1392ms)
			LoadAssemblies (122ms)
			RebuildTransferFunctionScriptingTraits (0ms)
			SetupTypeCache (402ms)
			ReleaseScriptCaches (3ms)
			RebuildScriptCaches (66ms)
			SetupLoadedEditorAssemblies (720ms)
				LogAssemblyErrors (0ms)
				InitializePlatformSupportModulesInManaged (20ms)
				SetLoadedEditorAssemblies (1ms)
				RefreshPlugins (3ms)
				BeforeProcessingInitializeOnLoad (135ms)
				ProcessInitializeOnLoadAttributes (367ms)
				ProcessInitializeOnLoadMethodAttributes (187ms)
				AfterProcessingInitializeOnLoad (6ms)
				EditorAssembliesLoaded (0ms)
			ExecutionOrderSort2 (0ms)
			AwakeInstancesAfterBackupRestoration (8ms)
Platform modules already initialized, skipping
Refreshing native plugins compatible for Editor in 9.54 ms, found 3 plugins.
Preloading 0 native plugins for Editor in 0.00 ms.
Unloading 4245 Unused Serialized files (Serialized files now loaded: 0)
Unloading 61 unused Assets / (1.2 MB). Loaded Objects now: 4764.
Memory consumption went from 240.4 MB to 239.1 MB.
Total: 16.456700 ms (FindLiveObjects: 0.467500 ms CreateObjectMapping: 0.443700 ms MarkObjects: 15.045900 ms  DeleteObjects: 0.493800 ms)

AssetImportParameters requested are different than current active one (requested -> active):
  custom:video-decoder-ogg-theora: a1e56fd34408186e4bbccfd4996cb3dc -> 
  custom:container-muxer-webm: aa71ff27fc2769a1b78a27578f13a17b -> 
  custom:container-demuxer-webm: 4f35f7cbe854078d1ac9338744f61a02 -> 
  custom:video-encoder-webm-vp8: eb34c28f22e8b96e1ab97ce403110664 -> 
  custom:audio-encoder-webm-vorbis: bf7c407c2cedff20999df2af8eb42d56 -> 
  custom:framework-win-MediaFoundation: 216162199b28c13a410421893ffa2e32 -> 
  custom:container-demuxer-ogg: 62fdf1f143b41e24485cea50d1cbac27 -> 
  custom:video-decoder-webm-vp8: 9c59270c3fd7afecdb556c50c9e8de78 -> 
  custom:audio-decoder-ogg-vorbis: bf7c407c2cedff20999df2af8eb42d56 -> 
========================================================================
Received Prepare
Registering precompiled user dll's ...
Registered in 0.005076 seconds.
Begin MonoManager ReloadAssembly
Symbol file LoadedFromMemory doesn't match image C:\Users\Nicolò\Desktop\TANKS_git\TANK\Library\PackageCache\com.unity.visualscripting@1.7.8\Editor\VisualScripting.Core\Dependencies\DotNetZip\Unity.VisualScripting.IonicZip.dll
Symbol file LoadedFromMemory doesn't match image C:\Users\Nicolò\Desktop\TANKS_git\TANK\Library\PackageCache\com.unity.visualscripting@1.7.8\Editor\VisualScripting.Core\Dependencies\YamlDotNet\Unity.VisualScripting.YamlDotNet.dll
Native extension for WindowsStandalone target not found
Refreshing native plugins compatible for Editor in 1.92 ms, found 3 plugins.
Preloading 0 native plugins for Editor in 0.00 ms.
Mono: successfully reloaded assembly
- Completed reload, in  1.306 seconds
Domain Reload Profiling:
	ReloadAssembly (1308ms)
		BeginReloadAssembly (201ms)
			ExecutionOrderSort (0ms)
			DisableScriptedObjects (7ms)
			BackupInstance (0ms)
			ReleaseScriptingObjects (0ms)
			CreateAndSetChildDomain (70ms)
		EndReloadAssembly (959ms)
			LoadAssemblies (121ms)
			RebuildTransferFunctionScriptingTraits (0ms)
			SetupTypeCache (340ms)
			ReleaseScriptCaches (2ms)
			RebuildScriptCaches (50ms)
			SetupLoadedEditorAssemblies (425ms)
				LogAssemblyErrors (0ms)
				InitializePlatformSupportModulesInManaged (11ms)
				SetLoadedEditorAssemblies (0ms)
				RefreshPlugins (2ms)
				BeforeProcessingInitializeOnLoad (90ms)
				ProcessInitializeOnLoadAttributes (208ms)
				ProcessInitializeOnLoadMethodAttributes (108ms)
				AfterProcessingInitializeOnLoad (6ms)
				EditorAssembliesLoaded (0ms)
			ExecutionOrderSort2 (0ms)
			AwakeInstancesAfterBackupRestoration (6ms)
Platform modules already initialized, skipping
Refreshing native plugins compatible for Editor in 8.85 ms, found 3 plugins.
Preloading 0 native plugins for Editor in 0.00 ms.
Unloading 4245 Unused Serialized files (Serialized files now loaded: 0)
Unloading 59 unused Assets / (1.2 MB). Loaded Objects now: 4767.
Memory consumption went from 240.4 MB to 239.1 MB.
Total: 8.443800 ms (FindLiveObjects: 0.523200 ms CreateObjectMapping: 0.324400 ms MarkObjects: 7.342500 ms  DeleteObjects: 0.251700 ms)

AssetImportParameters requested are different than current active one (requested -> active):
  custom:video-decoder-ogg-theora: a1e56fd34408186e4bbccfd4996cb3dc -> 
  custom:container-muxer-webm: aa71ff27fc2769a1b78a27578f13a17b -> 
  custom:container-demuxer-webm: 4f35f7cbe854078d1ac9338744f61a02 -> 
  custom:video-encoder-webm-vp8: eb34c28f22e8b96e1ab97ce403110664 -> 
  custom:audio-encoder-webm-vorbis: bf7c407c2cedff20999df2af8eb42d56 -> 
  custom:framework-win-MediaFoundation: 216162199b28c13a410421893ffa2e32 -> 
  custom:container-demuxer-ogg: 62fdf1f143b41e24485cea50d1cbac27 -> 
  custom:video-decoder-webm-vp8: 9c59270c3fd7afecdb556c50c9e8de78 -> 
  custom:audio-decoder-ogg-vorbis: bf7c407c2cedff20999df2af8eb42d56 -> 
========================================================================
Received Prepare
Registering precompiled user dll's ...
Registered in 0.006159 seconds.
Begin MonoManager ReloadAssembly
Symbol file LoadedFromMemory doesn't match image C:\Users\Nicolò\Desktop\TANKS_git\TANK\Library\PackageCache\com.unity.visualscripting@1.7.8\Editor\VisualScripting.Core\Dependencies\DotNetZip\Unity.VisualScripting.IonicZip.dll
Symbol file LoadedFromMemory doesn't match image C:\Users\Nicolò\Desktop\TANKS_git\TANK\Library\PackageCache\com.unity.visualscripting@1.7.8\Editor\VisualScripting.Core\Dependencies\YamlDotNet\Unity.VisualScripting.YamlDotNet.dll
Native extension for WindowsStandalone target not found
Refreshing native plugins compatible for Editor in 2.48 ms, found 3 plugins.
Preloading 0 native plugins for Editor in 0.00 ms.
Mono: successfully reloaded assembly
- Completed reload, in  1.705 seconds
Domain Reload Profiling:
	ReloadAssembly (1707ms)
		BeginReloadAssembly (193ms)
			ExecutionOrderSort (0ms)
			DisableScriptedObjects (10ms)
			BackupInstance (0ms)
			ReleaseScriptingObjects (0ms)
			CreateAndSetChildDomain (64ms)
		EndReloadAssembly (1394ms)
			LoadAssemblies (120ms)
			RebuildTransferFunctionScriptingTraits (0ms)
			SetupTypeCache (416ms)
			ReleaseScriptCaches (4ms)
			RebuildScriptCaches (78ms)
			SetupLoadedEditorAssemblies (672ms)
				LogAssemblyErrors (0ms)
				InitializePlatformSupportModulesInManaged (23ms)
				SetLoadedEditorAssemblies (1ms)
				RefreshPlugins (3ms)
				BeforeProcessingInitializeOnLoad (108ms)
				ProcessInitializeOnLoadAttributes (321ms)
				ProcessInitializeOnLoadMethodAttributes (202ms)
				AfterProcessingInitializeOnLoad (14ms)
				EditorAssembliesLoaded (0ms)
			ExecutionOrderSort2 (0ms)
			AwakeInstancesAfterBackupRestoration (15ms)
Platform modules already initialized, skipping
Refreshing native plugins compatible for Editor in 5.99 ms, found 3 plugins.
Preloading 0 native plugins for Editor in 0.00 ms.
Unloading 4245 Unused Serialized files (Serialized files now loaded: 0)
Unloading 59 unused Assets / (1.2 MB). Loaded Objects now: 4770.
Memory consumption went from 240.4 MB to 239.1 MB.
Total: 10.653100 ms (FindLiveObjects: 0.528100 ms CreateObjectMapping: 0.494900 ms MarkObjects: 9.286500 ms  DeleteObjects: 0.342000 ms)

AssetImportParameters requested are different than current active one (requested -> active):
  custom:video-decoder-ogg-theora: a1e56fd34408186e4bbccfd4996cb3dc -> 
  custom:container-muxer-webm: aa71ff27fc2769a1b78a27578f13a17b -> 
  custom:container-demuxer-webm: 4f35f7cbe854078d1ac9338744f61a02 -> 
  custom:video-encoder-webm-vp8: eb34c28f22e8b96e1ab97ce403110664 -> 
  custom:audio-encoder-webm-vorbis: bf7c407c2cedff20999df2af8eb42d56 -> 
  custom:framework-win-MediaFoundation: 216162199b28c13a410421893ffa2e32 -> 
  custom:container-demuxer-ogg: 62fdf1f143b41e24485cea50d1cbac27 -> 
  custom:video-decoder-webm-vp8: 9c59270c3fd7afecdb556c50c9e8de78 -> 
  custom:audio-decoder-ogg-vorbis: bf7c407c2cedff20999df2af8eb42d56 -> 
========================================================================
Received Import Request.
  Time since last request: 586.755838 seconds.
  path: Assets/Nicolò/Prefab/BONUS SWORD.prefab
  artifactKey: Guid(dc04bb67f3e82d44eaa8d221b72ec8bc) Importer(815301076,1909f56bfc062723c751e8b465ee728b)
Start importing Assets/Nicolò/Prefab/BONUS SWORD.prefab using Guid(dc04bb67f3e82d44eaa8d221b72ec8bc) Importer(815301076,1909f56bfc062723c751e8b465ee728b)  -> (artifact id: '4624afe311e43d0ebf585de662cd56ed') in 0.110844 seconds 
========================================================================
Received Prepare
Registering precompiled user dll's ...
Registered in 0.006328 seconds.
Begin MonoManager ReloadAssembly
Symbol file LoadedFromMemory doesn't match image C:\Users\Nicolò\Desktop\TANKS_git\TANK\Library\PackageCache\com.unity.visualscripting@1.7.8\Editor\VisualScripting.Core\Dependencies\DotNetZip\Unity.VisualScripting.IonicZip.dll
Symbol file LoadedFromMemory doesn't match image C:\Users\Nicolò\Desktop\TANKS_git\TANK\Library\PackageCache\com.unity.visualscripting@1.7.8\Editor\VisualScripting.Core\Dependencies\YamlDotNet\Unity.VisualScripting.YamlDotNet.dll
Native extension for WindowsStandalone target not found
Refreshing native plugins compatible for Editor in 2.39 ms, found 3 plugins.
Preloading 0 native plugins for Editor in 0.00 ms.
Mono: successfully reloaded assembly
- Completed reload, in  1.852 seconds
Domain Reload Profiling:
	ReloadAssembly (1853ms)
		BeginReloadAssembly (181ms)
			ExecutionOrderSort (0ms)
			DisableScriptedObjects (6ms)
			BackupInstance (0ms)
			ReleaseScriptingObjects (0ms)
			CreateAndSetChildDomain (66ms)
		EndReloadAssembly (1549ms)
			LoadAssemblies (116ms)
			RebuildTransferFunctionScriptingTraits (0ms)
			SetupTypeCache (469ms)
			ReleaseScriptCaches (4ms)
			RebuildScriptCaches (88ms)
			SetupLoadedEditorAssemblies (760ms)
				LogAssemblyErrors (0ms)
				InitializePlatformSupportModulesInManaged (25ms)
				SetLoadedEditorAssemblies (1ms)
				RefreshPlugins (3ms)
				BeforeProcessingInitializeOnLoad (123ms)
				ProcessInitializeOnLoadAttributes (385ms)
				ProcessInitializeOnLoadMethodAttributes (213ms)
				AfterProcessingInitializeOnLoad (10ms)
				EditorAssembliesLoaded (1ms)
			ExecutionOrderSort2 (0ms)
			AwakeInstancesAfterBackupRestoration (14ms)
Platform modules already initialized, skipping
Refreshing native plugins compatible for Editor in 7.47 ms, found 3 plugins.
Preloading 0 native plugins for Editor in 0.00 ms.
Unloading 4245 Unused Serialized files (Serialized files now loaded: 0)
Unloading 59 unused Assets / (1.2 MB). Loaded Objects now: 4773.
Memory consumption went from 240.4 MB to 239.1 MB.
Total: 10.066300 ms (FindLiveObjects: 0.780700 ms CreateObjectMapping: 1.033100 ms MarkObjects: 7.928200 ms  DeleteObjects: 0.322600 ms)

AssetImportParameters requested are different than current active one (requested -> active):
  custom:video-decoder-ogg-theora: a1e56fd34408186e4bbccfd4996cb3dc -> 
  custom:container-muxer-webm: aa71ff27fc2769a1b78a27578f13a17b -> 
  custom:container-demuxer-webm: 4f35f7cbe854078d1ac9338744f61a02 -> 
  custom:video-encoder-webm-vp8: eb34c28f22e8b96e1ab97ce403110664 -> 
  custom:audio-encoder-webm-vorbis: bf7c407c2cedff20999df2af8eb42d56 -> 
  custom:framework-win-MediaFoundation: 216162199b28c13a410421893ffa2e32 -> 
  custom:container-demuxer-ogg: 62fdf1f143b41e24485cea50d1cbac27 -> 
  custom:video-decoder-webm-vp8: 9c59270c3fd7afecdb556c50c9e8de78 -> 
  custom:audio-decoder-ogg-vorbis: bf7c407c2cedff20999df2af8eb42d56 -> 
========================================================================
Received Prepare
Registering precompiled user dll's ...
Registered in 0.007964 seconds.
Begin MonoManager ReloadAssembly
Symbol file LoadedFromMemory doesn't match image C:\Users\Nicolò\Desktop\TANKS_git\TANK\Library\PackageCache\com.unity.visualscripting@1.7.8\Editor\VisualScripting.Core\Dependencies\DotNetZip\Unity.VisualScripting.IonicZip.dll
Symbol file LoadedFromMemory doesn't match image C:\Users\Nicolò\Desktop\TANKS_git\TANK\Library\PackageCache\com.unity.visualscripting@1.7.8\Editor\VisualScripting.Core\Dependencies\YamlDotNet\Unity.VisualScripting.YamlDotNet.dll
Native extension for WindowsStandalone target not found
Refreshing native plugins compatible for Editor in 2.11 ms, found 3 plugins.
Preloading 0 native plugins for Editor in 0.00 ms.
Mono: successfully reloaded assembly
- Completed reload, in  1.448 seconds
Domain Reload Profiling:
	ReloadAssembly (1449ms)
		BeginReloadAssembly (189ms)
			ExecutionOrderSort (0ms)
			DisableScriptedObjects (8ms)
			BackupInstance (0ms)
			ReleaseScriptingObjects (0ms)
			CreateAndSetChildDomain (56ms)
		EndReloadAssembly (1119ms)
			LoadAssemblies (138ms)
			RebuildTransferFunctionScriptingTraits (0ms)
			SetupTypeCache (375ms)
			ReleaseScriptCaches (4ms)
			RebuildScriptCaches (59ms)
			SetupLoadedEditorAssemblies (499ms)
				LogAssemblyErrors (0ms)
				InitializePlatformSupportModulesInManaged (20ms)
				SetLoadedEditorAssemblies (1ms)
				RefreshPlugins (2ms)
				BeforeProcessingInitializeOnLoad (85ms)
				ProcessInitializeOnLoadAttributes (231ms)
				ProcessInitializeOnLoadMethodAttributes (152ms)
				AfterProcessingInitializeOnLoad (7ms)
				EditorAssembliesLoaded (0ms)
			ExecutionOrderSort2 (0ms)
			AwakeInstancesAfterBackupRestoration (10ms)
Platform modules already initialized, skipping
Refreshing native plugins compatible for Editor in 5.50 ms, found 3 plugins.
Preloading 0 native plugins for Editor in 0.00 ms.
Unloading 4245 Unused Serialized files (Serialized files now loaded: 0)
Unloading 59 unused Assets / (1.2 MB). Loaded Objects now: 4776.
Memory consumption went from 240.4 MB to 239.1 MB.
Total: 8.033400 ms (FindLiveObjects: 0.373700 ms CreateObjectMapping: 0.237600 ms MarkObjects: 7.167100 ms  DeleteObjects: 0.253800 ms)

AssetImportParameters requested are different than current active one (requested -> active):
  custom:video-decoder-ogg-theora: a1e56fd34408186e4bbccfd4996cb3dc -> 
  custom:container-muxer-webm: aa71ff27fc2769a1b78a27578f13a17b -> 
  custom:container-demuxer-webm: 4f35f7cbe854078d1ac9338744f61a02 -> 
  custom:video-encoder-webm-vp8: eb34c28f22e8b96e1ab97ce403110664 -> 
  custom:audio-encoder-webm-vorbis: bf7c407c2cedff20999df2af8eb42d56 -> 
  custom:framework-win-MediaFoundation: 216162199b28c13a410421893ffa2e32 -> 
  custom:container-demuxer-ogg: 62fdf1f143b41e24485cea50d1cbac27 -> 
  custom:video-decoder-webm-vp8: 9c59270c3fd7afecdb556c50c9e8de78 -> 
  custom:audio-decoder-ogg-vorbis: bf7c407c2cedff20999df2af8eb42d56 -> 
========================================================================
Received Prepare
Registering precompiled user dll's ...
Registered in 0.007903 seconds.
Begin MonoManager ReloadAssembly
Symbol file LoadedFromMemory doesn't match image C:\Users\Nicolò\Desktop\TANKS_git\TANK\Library\PackageCache\com.unity.visualscripting@1.7.8\Editor\VisualScripting.Core\Dependencies\DotNetZip\Unity.VisualScripting.IonicZip.dll
Symbol file LoadedFromMemory doesn't match image C:\Users\Nicolò\Desktop\TANKS_git\TANK\Library\PackageCache\com.unity.visualscripting@1.7.8\Editor\VisualScripting.Core\Dependencies\YamlDotNet\Unity.VisualScripting.YamlDotNet.dll
Native extension for WindowsStandalone target not found
Refreshing native plugins compatible for Editor in 2.54 ms, found 3 plugins.
Preloading 0 native plugins for Editor in 0.00 ms.
Mono: successfully reloaded assembly
- Completed reload, in  1.397 seconds
Domain Reload Profiling:
	ReloadAssembly (1398ms)
		BeginReloadAssembly (189ms)
			ExecutionOrderSort (0ms)
			DisableScriptedObjects (11ms)
			BackupInstance (0ms)
			ReleaseScriptingObjects (0ms)
			CreateAndSetChildDomain (59ms)
		EndReloadAssembly (1048ms)
			LoadAssemblies (119ms)
			RebuildTransferFunctionScriptingTraits (0ms)
			SetupTypeCache (343ms)
			ReleaseScriptCaches (3ms)
			RebuildScriptCaches (55ms)
			SetupLoadedEditorAssemblies (483ms)
				LogAssemblyErrors (0ms)
				InitializePlatformSupportModulesInManaged (14ms)
				SetLoadedEditorAssemblies (1ms)
				RefreshPlugins (3ms)
				BeforeProcessingInitializeOnLoad (91ms)
				ProcessInitializeOnLoadAttributes (244ms)
				ProcessInitializeOnLoadMethodAttributes (124ms)
				AfterProcessingInitializeOnLoad (5ms)
				EditorAssembliesLoaded (0ms)
			ExecutionOrderSort2 (0ms)
			AwakeInstancesAfterBackupRestoration (6ms)
Platform modules already initialized, skipping
Refreshing native plugins compatible for Editor in 9.09 ms, found 3 plugins.
Preloading 0 native plugins for Editor in 0.00 ms.
Unloading 4245 Unused Serialized files (Serialized files now loaded: 0)
Unloading 59 unused Assets / (1.2 MB). Loaded Objects now: 4779.
Memory consumption went from 240.4 MB to 239.2 MB.
Total: 12.708400 ms (FindLiveObjects: 0.479300 ms CreateObjectMapping: 0.475300 ms MarkObjects: 11.400800 ms  DeleteObjects: 0.351100 ms)

AssetImportParameters requested are different than current active one (requested -> active):
  custom:video-decoder-ogg-theora: a1e56fd34408186e4bbccfd4996cb3dc -> 
  custom:container-muxer-webm: aa71ff27fc2769a1b78a27578f13a17b -> 
  custom:container-demuxer-webm: 4f35f7cbe854078d1ac9338744f61a02 -> 
  custom:video-encoder-webm-vp8: eb34c28f22e8b96e1ab97ce403110664 -> 
  custom:audio-encoder-webm-vorbis: bf7c407c2cedff20999df2af8eb42d56 -> 
  custom:framework-win-MediaFoundation: 216162199b28c13a410421893ffa2e32 -> 
  custom:container-demuxer-ogg: 62fdf1f143b41e24485cea50d1cbac27 -> 
  custom:video-decoder-webm-vp8: 9c59270c3fd7afecdb556c50c9e8de78 -> 
  custom:audio-decoder-ogg-vorbis: bf7c407c2cedff20999df2af8eb42d56 -> 
========================================================================
Received Prepare
Registering precompiled user dll's ...
Registered in 0.006435 seconds.
Begin MonoManager ReloadAssembly
Symbol file LoadedFromMemory doesn't match image C:\Users\Nicolò\Desktop\TANKS_git\TANK\Library\PackageCache\com.unity.visualscripting@1.7.8\Editor\VisualScripting.Core\Dependencies\DotNetZip\Unity.VisualScripting.IonicZip.dll
Symbol file LoadedFromMemory doesn't match image C:\Users\Nicolò\Desktop\TANKS_git\TANK\Library\PackageCache\com.unity.visualscripting@1.7.8\Editor\VisualScripting.Core\Dependencies\YamlDotNet\Unity.VisualScripting.YamlDotNet.dll
Native extension for WindowsStandalone target not found
Refreshing native plugins compatible for Editor in 1.66 ms, found 3 plugins.
Preloading 0 native plugins for Editor in 0.00 ms.
Mono: successfully reloaded assembly
- Completed reload, in  1.603 seconds
Domain Reload Profiling:
	ReloadAssembly (1604ms)
		BeginReloadAssembly (194ms)
			ExecutionOrderSort (0ms)
			DisableScriptedObjects (8ms)
			BackupInstance (0ms)
			ReleaseScriptingObjects (0ms)
			CreateAndSetChildDomain (66ms)
		EndReloadAssembly (1315ms)
			LoadAssemblies (122ms)
			RebuildTransferFunctionScriptingTraits (0ms)
			SetupTypeCache (417ms)
			ReleaseScriptCaches (4ms)
			RebuildScriptCaches (52ms)
			SetupLoadedEditorAssemblies (653ms)
				LogAssemblyErrors (0ms)
				InitializePlatformSupportModulesInManaged (18ms)
				SetLoadedEditorAssemblies (1ms)
				RefreshPlugins (2ms)
				BeforeProcessingInitializeOnLoad (106ms)
				ProcessInitializeOnLoadAttributes (323ms)
				ProcessInitializeOnLoadMethodAttributes (194ms)
				AfterProcessingInitializeOnLoad (9ms)
				EditorAssembliesLoaded (1ms)
			ExecutionOrderSort2 (0ms)
			AwakeInstancesAfterBackupRestoration (13ms)
Platform modules already initialized, skipping
Refreshing native plugins compatible for Editor in 7.06 ms, found 3 plugins.
Preloading 0 native plugins for Editor in 0.00 ms.
Unloading 4245 Unused Serialized files (Serialized files now loaded: 0)
Unloading 59 unused Assets / (1.2 MB). Loaded Objects now: 4782.
Memory consumption went from 240.4 MB to 239.2 MB.
Total: 7.623500 ms (FindLiveObjects: 0.491000 ms CreateObjectMapping: 0.295200 ms MarkObjects: 6.587000 ms  DeleteObjects: 0.248500 ms)

AssetImportParameters requested are different than current active one (requested -> active):
  custom:video-decoder-ogg-theora: a1e56fd34408186e4bbccfd4996cb3dc -> 
  custom:container-muxer-webm: aa71ff27fc2769a1b78a27578f13a17b -> 
  custom:container-demuxer-webm: 4f35f7cbe854078d1ac9338744f61a02 -> 
  custom:video-encoder-webm-vp8: eb34c28f22e8b96e1ab97ce403110664 -> 
  custom:audio-encoder-webm-vorbis: bf7c407c2cedff20999df2af8eb42d56 -> 
  custom:framework-win-MediaFoundation: 216162199b28c13a410421893ffa2e32 -> 
  custom:container-demuxer-ogg: 62fdf1f143b41e24485cea50d1cbac27 -> 
  custom:video-decoder-webm-vp8: 9c59270c3fd7afecdb556c50c9e8de78 -> 
  custom:audio-decoder-ogg-vorbis: bf7c407c2cedff20999df2af8eb42d56 -> 
========================================================================
Received Prepare
Registering precompiled user dll's ...
Registered in 0.008587 seconds.
Begin MonoManager ReloadAssembly
Symbol file LoadedFromMemory doesn't match image C:\Users\Nicolò\Desktop\TANKS_git\TANK\Library\PackageCache\com.unity.visualscripting@1.7.8\Editor\VisualScripting.Core\Dependencies\DotNetZip\Unity.VisualScripting.IonicZip.dll
Symbol file LoadedFromMemory doesn't match image C:\Users\Nicolò\Desktop\TANKS_git\TANK\Library\PackageCache\com.unity.visualscripting@1.7.8\Editor\VisualScripting.Core\Dependencies\YamlDotNet\Unity.VisualScripting.YamlDotNet.dll
Native extension for WindowsStandalone target not found
Refreshing native plugins compatible for Editor in 1.59 ms, found 3 plugins.
Preloading 0 native plugins for Editor in 0.00 ms.
Mono: successfully reloaded assembly
- Completed reload, in  1.356 seconds
Domain Reload Profiling:
	ReloadAssembly (1357ms)
		BeginReloadAssembly (182ms)
			ExecutionOrderSort (0ms)
			DisableScriptedObjects (10ms)
			BackupInstance (0ms)
			ReleaseScriptingObjects (0ms)
			CreateAndSetChildDomain (58ms)
		EndReloadAssembly (1008ms)
			LoadAssemblies (137ms)
			RebuildTransferFunctionScriptingTraits (0ms)
			SetupTypeCache (287ms)
			ReleaseScriptCaches (3ms)
			RebuildScriptCaches (49ms)
			SetupLoadedEditorAssemblies (486ms)
				LogAssemblyErrors (0ms)
				InitializePlatformSupportModulesInManaged (14ms)
				SetLoadedEditorAssemblies (1ms)
				RefreshPlugins (2ms)
				BeforeProcessingInitializeOnLoad (98ms)
				ProcessInitializeOnLoadAttributes (247ms)
				ProcessInitializeOnLoadMethodAttributes (119ms)
				AfterProcessingInitializeOnLoad (6ms)
				EditorAssembliesLoaded (0ms)
			ExecutionOrderSort2 (0ms)
			AwakeInstancesAfterBackupRestoration (6ms)
Platform modules already initialized, skipping
Refreshing native plugins compatible for Editor in 6.17 ms, found 3 plugins.
Preloading 0 native plugins for Editor in 0.00 ms.
Unloading 4245 Unused Serialized files (Serialized files now loaded: 0)
Unloading 59 unused Assets / (1.2 MB). Loaded Objects now: 4785.
Memory consumption went from 240.4 MB to 239.2 MB.
Total: 10.017000 ms (FindLiveObjects: 0.481400 ms CreateObjectMapping: 0.446400 ms MarkObjects: 8.777000 ms  DeleteObjects: 0.310500 ms)

AssetImportParameters requested are different than current active one (requested -> active):
  custom:video-decoder-ogg-theora: a1e56fd34408186e4bbccfd4996cb3dc -> 
  custom:container-muxer-webm: aa71ff27fc2769a1b78a27578f13a17b -> 
  custom:container-demuxer-webm: 4f35f7cbe854078d1ac9338744f61a02 -> 
  custom:video-encoder-webm-vp8: eb34c28f22e8b96e1ab97ce403110664 -> 
  custom:audio-encoder-webm-vorbis: bf7c407c2cedff20999df2af8eb42d56 -> 
  custom:framework-win-MediaFoundation: 216162199b28c13a410421893ffa2e32 -> 
  custom:container-demuxer-ogg: 62fdf1f143b41e24485cea50d1cbac27 -> 
  custom:video-decoder-webm-vp8: 9c59270c3fd7afecdb556c50c9e8de78 -> 
  custom:audio-decoder-ogg-vorbis: bf7c407c2cedff20999df2af8eb42d56 -> 
========================================================================
Received Prepare
Registering precompiled user dll's ...
Registered in 0.007982 seconds.
Begin MonoManager ReloadAssembly
Symbol file LoadedFromMemory doesn't match image C:\Users\Nicolò\Desktop\TANKS_git\TANK\Library\PackageCache\com.unity.visualscripting@1.7.8\Editor\VisualScripting.Core\Dependencies\DotNetZip\Unity.VisualScripting.IonicZip.dll
Symbol file LoadedFromMemory doesn't match image C:\Users\Nicolò\Desktop\TANKS_git\TANK\Library\PackageCache\com.unity.visualscripting@1.7.8\Editor\VisualScripting.Core\Dependencies\YamlDotNet\Unity.VisualScripting.YamlDotNet.dll
Native extension for WindowsStandalone target not found
Refreshing native plugins compatible for Editor in 1.95 ms, found 3 plugins.
Preloading 0 native plugins for Editor in 0.00 ms.
Mono: successfully reloaded assembly
- Completed reload, in  1.608 seconds
Domain Reload Profiling:
	ReloadAssembly (1609ms)
		BeginReloadAssembly (189ms)
			ExecutionOrderSort (0ms)
			DisableScriptedObjects (6ms)
			BackupInstance (0ms)
			ReleaseScriptingObjects (0ms)
			CreateAndSetChildDomain (65ms)
		EndReloadAssembly (1293ms)
			LoadAssemblies (129ms)
			RebuildTransferFunctionScriptingTraits (0ms)
			SetupTypeCache (461ms)
			ReleaseScriptCaches (3ms)
			RebuildScriptCaches (46ms)
			SetupLoadedEditorAssemblies (609ms)
				LogAssemblyErrors (0ms)
				InitializePlatformSupportModulesInManaged (12ms)
				SetLoadedEditorAssemblies (1ms)
				RefreshPlugins (2ms)
				BeforeProcessingInitializeOnLoad (74ms)
				ProcessInitializeOnLoadAttributes (295ms)
				ProcessInitializeOnLoadMethodAttributes (216ms)
				AfterProcessingInitializeOnLoad (10ms)
				EditorAssembliesLoaded (0ms)
			ExecutionOrderSort2 (0ms)
			AwakeInstancesAfterBackupRestoration (13ms)
Platform modules already initialized, skipping
Refreshing native plugins compatible for Editor in 6.92 ms, found 3 plugins.
Preloading 0 native plugins for Editor in 0.00 ms.
Unloading 4245 Unused Serialized files (Serialized files now loaded: 0)
Unloading 59 unused Assets / (1.2 MB). Loaded Objects now: 4788.
Memory consumption went from 240.4 MB to 239.2 MB.
Total: 11.087300 ms (FindLiveObjects: 0.436900 ms CreateObjectMapping: 0.384900 ms MarkObjects: 9.920400 ms  DeleteObjects: 0.343600 ms)

AssetImportParameters requested are different than current active one (requested -> active):
  custom:video-decoder-ogg-theora: a1e56fd34408186e4bbccfd4996cb3dc -> 
  custom:container-muxer-webm: aa71ff27fc2769a1b78a27578f13a17b -> 
  custom:container-demuxer-webm: 4f35f7cbe854078d1ac9338744f61a02 -> 
  custom:video-encoder-webm-vp8: eb34c28f22e8b96e1ab97ce403110664 -> 
  custom:audio-encoder-webm-vorbis: bf7c407c2cedff20999df2af8eb42d56 -> 
  custom:framework-win-MediaFoundation: 216162199b28c13a410421893ffa2e32 -> 
  custom:container-demuxer-ogg: 62fdf1f143b41e24485cea50d1cbac27 -> 
  custom:video-decoder-webm-vp8: 9c59270c3fd7afecdb556c50c9e8de78 -> 
  custom:audio-decoder-ogg-vorbis: bf7c407c2cedff20999df2af8eb42d56 -> 
========================================================================
Received Import Request.
  Time since last request: 475.995218 seconds.
  path: Assets/Nicolò/Prefab/BONUS SHIELD.prefab
  artifactKey: Guid(4807f876542a37d4284c8f4a74867b13) Importer(815301076,1909f56bfc062723c751e8b465ee728b)
Start importing Assets/Nicolò/Prefab/BONUS SHIELD.prefab using Guid(4807f876542a37d4284c8f4a74867b13) Importer(815301076,1909f56bfc062723c751e8b465ee728b)  -> (artifact id: '25ff409cd7f1cf6e3b4ce7a88571c6f5') in 0.115163 seconds 
========================================================================
Received Import Request.
  Time since last request: 81.044594 seconds.
  path: Assets/Nicolò/Prefab/BONUS SWORD.prefab
  artifactKey: Guid(dc04bb67f3e82d44eaa8d221b72ec8bc) Importer(815301076,1909f56bfc062723c751e8b465ee728b)
Start importing Assets/Nicolò/Prefab/BONUS SWORD.prefab using Guid(dc04bb67f3e82d44eaa8d221b72ec8bc) Importer(815301076,1909f56bfc062723c751e8b465ee728b)  -> (artifact id: 'd4827385505ee6f25e995047e6b2c9ac') in 0.027697 seconds 
========================================================================
Received Prepare
Registering precompiled user dll's ...
Registered in 0.008460 seconds.
Begin MonoManager ReloadAssembly
Symbol file LoadedFromMemory doesn't match image C:\Users\Nicolò\Desktop\TANKS_git\TANK\Library\PackageCache\com.unity.visualscripting@1.7.8\Editor\VisualScripting.Core\Dependencies\DotNetZip\Unity.VisualScripting.IonicZip.dll
Symbol file LoadedFromMemory doesn't match image C:\Users\Nicolò\Desktop\TANKS_git\TANK\Library\PackageCache\com.unity.visualscripting@1.7.8\Editor\VisualScripting.Core\Dependencies\YamlDotNet\Unity.VisualScripting.YamlDotNet.dll
Native extension for WindowsStandalone target not found
Refreshing native plugins compatible for Editor in 2.01 ms, found 3 plugins.
Preloading 0 native plugins for Editor in 0.00 ms.
Mono: successfully reloaded assembly
- Completed reload, in  1.574 seconds
Domain Reload Profiling:
	ReloadAssembly (1575ms)
		BeginReloadAssembly (223ms)
			ExecutionOrderSort (0ms)
			DisableScriptedObjects (8ms)
			BackupInstance (0ms)
			ReleaseScriptingObjects (0ms)
			CreateAndSetChildDomain (66ms)
		EndReloadAssembly (1199ms)
			LoadAssemblies (162ms)
			RebuildTransferFunctionScriptingTraits (0ms)
			SetupTypeCache (371ms)
			ReleaseScriptCaches (2ms)
			RebuildScriptCaches (64ms)
			SetupLoadedEditorAssemblies (561ms)
				LogAssemblyErrors (0ms)
				InitializePlatformSupportModulesInManaged (16ms)
				SetLoadedEditorAssemblies (1ms)
				RefreshPlugins (2ms)
				BeforeProcessingInitializeOnLoad (105ms)
				ProcessInitializeOnLoadAttributes (287ms)
				ProcessInitializeOnLoadMethodAttributes (143ms)
				AfterProcessingInitializeOnLoad (7ms)
				EditorAssembliesLoaded (0ms)
			ExecutionOrderSort2 (0ms)
			AwakeInstancesAfterBackupRestoration (8ms)
Platform modules already initialized, skipping
Refreshing native plugins compatible for Editor in 6.23 ms, found 3 plugins.
Preloading 0 native plugins for Editor in 0.00 ms.
Unloading 4245 Unused Serialized files (Serialized files now loaded: 0)
Unloading 59 unused Assets / (1.2 MB). Loaded Objects now: 4791.
Memory consumption went from 240.4 MB to 239.2 MB.
Total: 8.035100 ms (FindLiveObjects: 0.476100 ms CreateObjectMapping: 0.296800 ms MarkObjects: 6.990300 ms  DeleteObjects: 0.270900 ms)

AssetImportParameters requested are different than current active one (requested -> active):
  custom:video-decoder-ogg-theora: a1e56fd34408186e4bbccfd4996cb3dc -> 
  custom:container-muxer-webm: aa71ff27fc2769a1b78a27578f13a17b -> 
  custom:container-demuxer-webm: 4f35f7cbe854078d1ac9338744f61a02 -> 
  custom:video-encoder-webm-vp8: eb34c28f22e8b96e1ab97ce403110664 -> 
  custom:audio-encoder-webm-vorbis: bf7c407c2cedff20999df2af8eb42d56 -> 
  custom:framework-win-MediaFoundation: 216162199b28c13a410421893ffa2e32 -> 
  custom:container-demuxer-ogg: 62fdf1f143b41e24485cea50d1cbac27 -> 
  custom:video-decoder-webm-vp8: 9c59270c3fd7afecdb556c50c9e8de78 -> 
  custom:audio-decoder-ogg-vorbis: bf7c407c2cedff20999df2af8eb42d56 -> 
========================================================================
Received Prepare
Registering precompiled user dll's ...
Registered in 0.006694 seconds.
Begin MonoManager ReloadAssembly
Symbol file LoadedFromMemory doesn't match image C:\Users\Nicolò\Desktop\TANKS_git\TANK\Library\PackageCache\com.unity.visualscripting@1.7.8\Editor\VisualScripting.Core\Dependencies\DotNetZip\Unity.VisualScripting.IonicZip.dll
Symbol file LoadedFromMemory doesn't match image C:\Users\Nicolò\Desktop\TANKS_git\TANK\Library\PackageCache\com.unity.visualscripting@1.7.8\Editor\VisualScripting.Core\Dependencies\YamlDotNet\Unity.VisualScripting.YamlDotNet.dll
Native extension for WindowsStandalone target not found
Refreshing native plugins compatible for Editor in 3.50 ms, found 3 plugins.
Preloading 0 native plugins for Editor in 0.00 ms.
Mono: successfully reloaded assembly
- Completed reload, in  1.821 seconds
Domain Reload Profiling:
	ReloadAssembly (1822ms)
		BeginReloadAssembly (191ms)
			ExecutionOrderSort (0ms)
			DisableScriptedObjects (7ms)
			BackupInstance (0ms)
			ReleaseScriptingObjects (0ms)
			CreateAndSetChildDomain (57ms)
		EndReloadAssembly (1505ms)
			LoadAssemblies (131ms)
			RebuildTransferFunctionScriptingTraits (0ms)
			SetupTypeCache (435ms)
			ReleaseScriptCaches (4ms)
			RebuildScriptCaches (80ms)
			SetupLoadedEditorAssemblies (768ms)
				LogAssemblyErrors (0ms)
				InitializePlatformSupportModulesInManaged (22ms)
				SetLoadedEditorAssemblies (1ms)
				RefreshPlugins (4ms)
				BeforeProcessingInitializeOnLoad (129ms)
				ProcessInitializeOnLoadAttributes (402ms)
				ProcessInitializeOnLoadMethodAttributes (200ms)
				AfterProcessingInitializeOnLoad (10ms)
				EditorAssembliesLoaded (0ms)
			ExecutionOrderSort2 (0ms)
			AwakeInstancesAfterBackupRestoration (12ms)
Platform modules already initialized, skipping
Refreshing native plugins compatible for Editor in 6.38 ms, found 3 plugins.
Preloading 0 native plugins for Editor in 0.00 ms.
Unloading 4245 Unused Serialized files (Serialized files now loaded: 0)
Unloading 59 unused Assets / (1.2 MB). Loaded Objects now: 4794.
Memory consumption went from 240.5 MB to 239.2 MB.
Total: 9.372600 ms (FindLiveObjects: 0.585000 ms CreateObjectMapping: 0.756200 ms MarkObjects: 7.715900 ms  DeleteObjects: 0.313100 ms)

AssetImportParameters requested are different than current active one (requested -> active):
  custom:video-decoder-ogg-theora: a1e56fd34408186e4bbccfd4996cb3dc -> 
  custom:container-muxer-webm: aa71ff27fc2769a1b78a27578f13a17b -> 
  custom:container-demuxer-webm: 4f35f7cbe854078d1ac9338744f61a02 -> 
  custom:video-encoder-webm-vp8: eb34c28f22e8b96e1ab97ce403110664 -> 
  custom:audio-encoder-webm-vorbis: bf7c407c2cedff20999df2af8eb42d56 -> 
  custom:framework-win-MediaFoundation: 216162199b28c13a410421893ffa2e32 -> 
  custom:container-demuxer-ogg: 62fdf1f143b41e24485cea50d1cbac27 -> 
  custom:video-decoder-webm-vp8: 9c59270c3fd7afecdb556c50c9e8de78 -> 
  custom:audio-decoder-ogg-vorbis: bf7c407c2cedff20999df2af8eb42d56 -> 
========================================================================
Received Prepare
Registering precompiled user dll's ...
Registered in 0.009692 seconds.
Begin MonoManager ReloadAssembly
Symbol file LoadedFromMemory doesn't match image C:\Users\Nicolò\Desktop\TANKS_git\TANK\Library\PackageCache\com.unity.visualscripting@1.7.8\Editor\VisualScripting.Core\Dependencies\DotNetZip\Unity.VisualScripting.IonicZip.dll
Symbol file LoadedFromMemory doesn't match image C:\Users\Nicolò\Desktop\TANKS_git\TANK\Library\PackageCache\com.unity.visualscripting@1.7.8\Editor\VisualScripting.Core\Dependencies\YamlDotNet\Unity.VisualScripting.YamlDotNet.dll
Native extension for WindowsStandalone target not found
Refreshing native plugins compatible for Editor in 1.91 ms, found 3 plugins.
Preloading 0 native plugins for Editor in 0.00 ms.
Mono: successfully reloaded assembly
- Completed reload, in  1.332 seconds
Domain Reload Profiling:
	ReloadAssembly (1333ms)
		BeginReloadAssembly (192ms)
			ExecutionOrderSort (0ms)
			DisableScriptedObjects (7ms)
			BackupInstance (0ms)
			ReleaseScriptingObjects (0ms)
			CreateAndSetChildDomain (52ms)
		EndReloadAssembly (988ms)
			LoadAssemblies (145ms)
			RebuildTransferFunctionScriptingTraits (0ms)
			SetupTypeCache (273ms)
			ReleaseScriptCaches (3ms)
			RebuildScriptCaches (48ms)
			SetupLoadedEditorAssemblies (501ms)
				LogAssemblyErrors (0ms)
				InitializePlatformSupportModulesInManaged (14ms)
				SetLoadedEditorAssemblies (1ms)
				RefreshPlugins (2ms)
				BeforeProcessingInitializeOnLoad (80ms)
				ProcessInitializeOnLoadAttributes (224ms)
				ProcessInitializeOnLoadMethodAttributes (171ms)
				AfterProcessingInitializeOnLoad (9ms)
				EditorAssembliesLoaded (0ms)
			ExecutionOrderSort2 (0ms)
			AwakeInstancesAfterBackupRestoration (13ms)
Platform modules already initialized, skipping
Refreshing native plugins compatible for Editor in 8.15 ms, found 3 plugins.
Preloading 0 native plugins for Editor in 0.00 ms.
Unloading 4245 Unused Serialized files (Serialized files now loaded: 0)
Unloading 59 unused Assets / (1.2 MB). Loaded Objects now: 4797.
Memory consumption went from 240.5 MB to 239.2 MB.
Total: 9.135800 ms (FindLiveObjects: 0.374000 ms CreateObjectMapping: 0.326900 ms MarkObjects: 8.142500 ms  DeleteObjects: 0.290700 ms)

AssetImportParameters requested are different than current active one (requested -> active):
  custom:video-decoder-ogg-theora: a1e56fd34408186e4bbccfd4996cb3dc -> 
  custom:container-muxer-webm: aa71ff27fc2769a1b78a27578f13a17b -> 
  custom:container-demuxer-webm: 4f35f7cbe854078d1ac9338744f61a02 -> 
  custom:video-encoder-webm-vp8: eb34c28f22e8b96e1ab97ce403110664 -> 
  custom:audio-encoder-webm-vorbis: bf7c407c2cedff20999df2af8eb42d56 -> 
  custom:framework-win-MediaFoundation: 216162199b28c13a410421893ffa2e32 -> 
  custom:container-demuxer-ogg: 62fdf1f143b41e24485cea50d1cbac27 -> 
  custom:video-decoder-webm-vp8: 9c59270c3fd7afecdb556c50c9e8de78 -> 
  custom:audio-decoder-ogg-vorbis: bf7c407c2cedff20999df2af8eb42d56 -> 
========================================================================
Received Prepare
Registering precompiled user dll's ...
Registered in 0.008847 seconds.
Begin MonoManager ReloadAssembly
Symbol file LoadedFromMemory doesn't match image C:\Users\Nicolò\Desktop\TANKS_git\TANK\Library\PackageCache\com.unity.visualscripting@1.7.8\Editor\VisualScripting.Core\Dependencies\DotNetZip\Unity.VisualScripting.IonicZip.dll
Symbol file LoadedFromMemory doesn't match image C:\Users\Nicolò\Desktop\TANKS_git\TANK\Library\PackageCache\com.unity.visualscripting@1.7.8\Editor\VisualScripting.Core\Dependencies\YamlDotNet\Unity.VisualScripting.YamlDotNet.dll
Native extension for WindowsStandalone target not found
Refreshing native plugins compatible for Editor in 2.71 ms, found 3 plugins.
Preloading 0 native plugins for Editor in 0.00 ms.
Mono: successfully reloaded assembly
- Completed reload, in  1.867 seconds
Domain Reload Profiling:
	ReloadAssembly (1868ms)
		BeginReloadAssembly (185ms)
			ExecutionOrderSort (0ms)
			DisableScriptedObjects (7ms)
			BackupInstance (0ms)
			ReleaseScriptingObjects (0ms)
			CreateAndSetChildDomain (58ms)
		EndReloadAssembly (1567ms)
			LoadAssemblies (119ms)
			RebuildTransferFunctionScriptingTraits (0ms)
			SetupTypeCache (428ms)
			ReleaseScriptCaches (4ms)
			RebuildScriptCaches (91ms)
			SetupLoadedEditorAssemblies (826ms)
				LogAssemblyErrors (0ms)
				InitializePlatformSupportModulesInManaged (23ms)
				SetLoadedEditorAssemblies (1ms)
				RefreshPlugins (3ms)
				BeforeProcessingInitializeOnLoad (134ms)
				ProcessInitializeOnLoadAttributes (414ms)
				ProcessInitializeOnLoadMethodAttributes (241ms)
				AfterProcessingInitializeOnLoad (9ms)
				EditorAssembliesLoaded (1ms)
			ExecutionOrderSort2 (0ms)
			AwakeInstancesAfterBackupRestoration (13ms)
Platform modules already initialized, skipping
Refreshing native plugins compatible for Editor in 7.41 ms, found 3 plugins.
Preloading 0 native plugins for Editor in 0.00 ms.
Unloading 4245 Unused Serialized files (Serialized files now loaded: 0)
Unloading 59 unused Assets / (1.2 MB). Loaded Objects now: 4800.
Memory consumption went from 240.5 MB to 239.2 MB.
Total: 11.110300 ms (FindLiveObjects: 0.635000 ms CreateObjectMapping: 0.425100 ms MarkObjects: 9.700600 ms  DeleteObjects: 0.347500 ms)

AssetImportParameters requested are different than current active one (requested -> active):
  custom:video-decoder-ogg-theora: a1e56fd34408186e4bbccfd4996cb3dc -> 
  custom:container-muxer-webm: aa71ff27fc2769a1b78a27578f13a17b -> 
  custom:container-demuxer-webm: 4f35f7cbe854078d1ac9338744f61a02 -> 
  custom:video-encoder-webm-vp8: eb34c28f22e8b96e1ab97ce403110664 -> 
  custom:audio-encoder-webm-vorbis: bf7c407c2cedff20999df2af8eb42d56 -> 
  custom:framework-win-MediaFoundation: 216162199b28c13a410421893ffa2e32 -> 
  custom:container-demuxer-ogg: 62fdf1f143b41e24485cea50d1cbac27 -> 
  custom:video-decoder-webm-vp8: 9c59270c3fd7afecdb556c50c9e8de78 -> 
  custom:audio-decoder-ogg-vorbis: bf7c407c2cedff20999df2af8eb42d56 -> 
========================================================================
Received Import Request.
  Time since last request: 477.370205 seconds.
  path: Assets/Nicolò/Prefab/BONUS SHIELD.prefab
  artifactKey: Guid(4807f876542a37d4284c8f4a74867b13) Importer(815301076,1909f56bfc062723c751e8b465ee728b)
Start importing Assets/Nicolò/Prefab/BONUS SHIELD.prefab using Guid(4807f876542a37d4284c8f4a74867b13) Importer(815301076,1909f56bfc062723c751e8b465ee728b)  -> (artifact id: '184d9100dc609211a4d63ebea2aeaddc') in 0.135346 seconds 
========================================================================
Received Prepare
Registering precompiled user dll's ...
Registered in 0.005372 seconds.
Begin MonoManager ReloadAssembly
Symbol file LoadedFromMemory doesn't match image C:\Users\Nicolò\Desktop\TANKS_git\TANK\Library\PackageCache\com.unity.visualscripting@1.7.8\Editor\VisualScripting.Core\Dependencies\DotNetZip\Unity.VisualScripting.IonicZip.dll
Symbol file LoadedFromMemory doesn't match image C:\Users\Nicolò\Desktop\TANKS_git\TANK\Library\PackageCache\com.unity.visualscripting@1.7.8\Editor\VisualScripting.Core\Dependencies\YamlDotNet\Unity.VisualScripting.YamlDotNet.dll
Native extension for WindowsStandalone target not found
Refreshing native plugins compatible for Editor in 1.50 ms, found 3 plugins.
Preloading 0 native plugins for Editor in 0.00 ms.
Mono: successfully reloaded assembly
- Completed reload, in  1.276 seconds
Domain Reload Profiling:
	ReloadAssembly (1277ms)
		BeginReloadAssembly (187ms)
			ExecutionOrderSort (0ms)
			DisableScriptedObjects (8ms)
			BackupInstance (0ms)
			ReleaseScriptingObjects (0ms)
			CreateAndSetChildDomain (56ms)
		EndReloadAssembly (938ms)
			LoadAssemblies (135ms)
			RebuildTransferFunctionScriptingTraits (0ms)
			SetupTypeCache (309ms)
			ReleaseScriptCaches (2ms)
			RebuildScriptCaches (35ms)
			SetupLoadedEditorAssemblies (418ms)
				LogAssemblyErrors (0ms)
				InitializePlatformSupportModulesInManaged (13ms)
				SetLoadedEditorAssemblies (1ms)
				RefreshPlugins (2ms)
				BeforeProcessingInitializeOnLoad (73ms)
				ProcessInitializeOnLoadAttributes (204ms)
				ProcessInitializeOnLoadMethodAttributes (120ms)
				AfterProcessingInitializeOnLoad (5ms)
				EditorAssembliesLoaded (0ms)
			ExecutionOrderSort2 (0ms)
			AwakeInstancesAfterBackupRestoration (9ms)
Platform modules already initialized, skipping
Refreshing native plugins compatible for Editor in 6.90 ms, found 3 plugins.
Preloading 0 native plugins for Editor in 0.00 ms.
Unloading 4245 Unused Serialized files (Serialized files now loaded: 0)
Unloading 59 unused Assets / (1.2 MB). Loaded Objects now: 4803.
Memory consumption went from 240.5 MB to 239.2 MB.
Total: 7.889500 ms (FindLiveObjects: 0.372700 ms CreateObjectMapping: 0.356500 ms MarkObjects: 6.880400 ms  DeleteObjects: 0.278900 ms)

AssetImportParameters requested are different than current active one (requested -> active):
  custom:video-decoder-ogg-theora: a1e56fd34408186e4bbccfd4996cb3dc -> 
  custom:container-muxer-webm: aa71ff27fc2769a1b78a27578f13a17b -> 
  custom:container-demuxer-webm: 4f35f7cbe854078d1ac9338744f61a02 -> 
  custom:video-encoder-webm-vp8: eb34c28f22e8b96e1ab97ce403110664 -> 
  custom:audio-encoder-webm-vorbis: bf7c407c2cedff20999df2af8eb42d56 -> 
  custom:framework-win-MediaFoundation: 216162199b28c13a410421893ffa2e32 -> 
  custom:container-demuxer-ogg: 62fdf1f143b41e24485cea50d1cbac27 -> 
  custom:video-decoder-webm-vp8: 9c59270c3fd7afecdb556c50c9e8de78 -> 
  custom:audio-decoder-ogg-vorbis: bf7c407c2cedff20999df2af8eb42d56 -> 
========================================================================
Received Prepare
Registering precompiled user dll's ...
Registered in 0.012705 seconds.
Begin MonoManager ReloadAssembly
Symbol file LoadedFromMemory doesn't match image C:\Users\Nicolò\Desktop\TANKS_git\TANK\Library\PackageCache\com.unity.visualscripting@1.7.8\Editor\VisualScripting.Core\Dependencies\DotNetZip\Unity.VisualScripting.IonicZip.dll
Symbol file LoadedFromMemory doesn't match image C:\Users\Nicolò\Desktop\TANKS_git\TANK\Library\PackageCache\com.unity.visualscripting@1.7.8\Editor\VisualScripting.Core\Dependencies\YamlDotNet\Unity.VisualScripting.YamlDotNet.dll
Native extension for WindowsStandalone target not found
Refreshing native plugins compatible for Editor in 3.08 ms, found 3 plugins.
Preloading 0 native plugins for Editor in 0.00 ms.
Mono: successfully reloaded assembly
- Completed reload, in  1.615 seconds
Domain Reload Profiling:
	ReloadAssembly (1616ms)
		BeginReloadAssembly (154ms)
			ExecutionOrderSort (0ms)
			DisableScriptedObjects (10ms)
			BackupInstance (0ms)
			ReleaseScriptingObjects (0ms)
			CreateAndSetChildDomain (41ms)
		EndReloadAssembly (1343ms)
			LoadAssemblies (101ms)
			RebuildTransferFunctionScriptingTraits (0ms)
			SetupTypeCache (395ms)
			ReleaseScriptCaches (3ms)
			RebuildScriptCaches (74ms)
			SetupLoadedEditorAssemblies (677ms)
				LogAssemblyErrors (0ms)
				InitializePlatformSupportModulesInManaged (23ms)
				SetLoadedEditorAssemblies (1ms)
				RefreshPlugins (3ms)
				BeforeProcessingInitializeOnLoad (123ms)
				ProcessInitializeOnLoadAttributes (309ms)
				ProcessInitializeOnLoadMethodAttributes (210ms)
				AfterProcessingInitializeOnLoad (7ms)
				EditorAssembliesLoaded (0ms)
			ExecutionOrderSort2 (0ms)
			AwakeInstancesAfterBackupRestoration (13ms)
Platform modules already initialized, skipping
Refreshing native plugins compatible for Editor in 6.52 ms, found 3 plugins.
Preloading 0 native plugins for Editor in 0.00 ms.
Unloading 4245 Unused Serialized files (Serialized files now loaded: 0)
Unloading 59 unused Assets / (1.2 MB). Loaded Objects now: 4806.
Memory consumption went from 240.5 MB to 239.2 MB.
Total: 12.292000 ms (FindLiveObjects: 0.461600 ms CreateObjectMapping: 0.393300 ms MarkObjects: 11.100600 ms  DeleteObjects: 0.334700 ms)

AssetImportParameters requested are different than current active one (requested -> active):
  custom:video-decoder-ogg-theora: a1e56fd34408186e4bbccfd4996cb3dc -> 
  custom:container-muxer-webm: aa71ff27fc2769a1b78a27578f13a17b -> 
  custom:container-demuxer-webm: 4f35f7cbe854078d1ac9338744f61a02 -> 
  custom:video-encoder-webm-vp8: eb34c28f22e8b96e1ab97ce403110664 -> 
  custom:audio-encoder-webm-vorbis: bf7c407c2cedff20999df2af8eb42d56 -> 
  custom:framework-win-MediaFoundation: 216162199b28c13a410421893ffa2e32 -> 
  custom:container-demuxer-ogg: 62fdf1f143b41e24485cea50d1cbac27 -> 
  custom:video-decoder-webm-vp8: 9c59270c3fd7afecdb556c50c9e8de78 -> 
  custom:audio-decoder-ogg-vorbis: bf7c407c2cedff20999df2af8eb42d56 -> 
