Using pre-set license
Built from '2021.3/staging' branch; Version is '2021.3.6f1 (7da38d85baf6) revision 8233869'; Using compiler version '192829333'; Build Type 'Release'
OS: 'Windows 11  (10.0.22000) 64bit Core' Language: 'it' Physical Memory: 16147 MB
BatchMode: 1, IsHumanControllingUs: 0, StartBugReporterOnCrash: 0, Is64bit: 1, IsPro: 1

COMMAND LINE ARGUMENTS:
C:\Program Files\Unity\Hub\Editor\2021.3.6f1\Editor\Unity.exe
-adb2
-batchMode
-noUpm
-name
AssetImportWorker2
-projectPath
C:/Users/Nicolò/Desktop/TANKS_git/TANK
-logFile
Logs/AssetImportWorker2.log
-srvPort
58053
Successfully changed project path to: C:/Users/Nicolò/Desktop/TANKS_git/TANK
C:/Users/Nicolò/Desktop/TANKS_git/TANK
[UnityMemory] Configuration Parameters - Can be set up in boot.config
    "memorysetup-bucket-allocator-granularity=16"
    "memorysetup-bucket-allocator-bucket-count=8"
    "memorysetup-bucket-allocator-block-size=33554432"
    "memorysetup-bucket-allocator-block-count=8"
    "memorysetup-main-allocator-block-size=16777216"
    "memorysetup-thread-allocator-block-size=16777216"
    "memorysetup-gfx-main-allocator-block-size=16777216"
    "memorysetup-gfx-thread-allocator-block-size=16777216"
    "memorysetup-cache-allocator-block-size=4194304"
    "memorysetup-typetree-allocator-block-size=2097152"
    "memorysetup-profiler-bucket-allocator-granularity=16"
    "memorysetup-profiler-bucket-allocator-bucket-count=8"
    "memorysetup-profiler-bucket-allocator-block-size=33554432"
    "memorysetup-profiler-bucket-allocator-block-count=8"
    "memorysetup-profiler-allocator-block-size=16777216"
    "memorysetup-profiler-editor-allocator-block-size=1048576"
    "memorysetup-temp-allocator-size-main=16777216"
    "memorysetup-job-temp-allocator-block-size=2097152"
    "memorysetup-job-temp-allocator-block-size-background=1048576"
    "memorysetup-job-temp-allocator-reduction-small-platforms=262144"
    "memorysetup-temp-allocator-size-background-worker=32768"
    "memorysetup-temp-allocator-size-job-worker=262144"
    "memorysetup-temp-allocator-size-preload-manager=33554432"
    "memorysetup-temp-allocator-size-nav-mesh-worker=65536"
    "memorysetup-temp-allocator-size-audio-worker=65536"
    "memorysetup-temp-allocator-size-cloud-worker=32768"
    "memorysetup-temp-allocator-size-gi-baking-worker=262144"
    "memorysetup-temp-allocator-size-gfx=262144"
Refreshing native plugins compatible for Editor in 346.45 ms, found 3 plugins.
Preloading 0 native plugins for Editor in 0.00 ms.
Initialize engine version: 2021.3.6f1 (7da38d85baf6)
[Subsystems] Discovering subsystems at path C:/Program Files/Unity/Hub/Editor/2021.3.6f1/Editor/Data/Resources/UnitySubsystems
[Subsystems] Discovering subsystems at path C:/Users/Nicolò/Desktop/TANKS_git/TANK/Assets
GfxDevice: creating device client; threaded=0; jobified=0
Direct3D:
    Version:  Direct3D 11.0 [level 11.1]
    Renderer: Intel(R) UHD Graphics (ID=0x9a60)
    Vendor:   Intel
    VRAM:     8073 MB
    Driver:   30.0.100.9864
Initialize mono
Mono path[0] = 'C:/Program Files/Unity/Hub/Editor/2021.3.6f1/Editor/Data/Managed'
Mono path[1] = 'C:/Program Files/Unity/Hub/Editor/2021.3.6f1/Editor/Data/MonoBleedingEdge/lib/mono/unityjit-win32'
Mono config path = 'C:/Program Files/Unity/Hub/Editor/2021.3.6f1/Editor/Data/MonoBleedingEdge/etc'
Using monoOptions --debugger-agent=transport=dt_socket,embedding=1,server=y,suspend=n,address=127.0.0.1:56164
Begin MonoManager ReloadAssembly
Registering precompiled unity dll's ...
Register platform support module: C:/Program Files/Unity/Hub/Editor/2021.3.6f1/Editor/Data/PlaybackEngines/WindowsStandaloneSupport/UnityEditor.WindowsStandalone.Extensions.dll
Registered in 0.009405 seconds.
Native extension for WindowsStandalone target not found
Refreshing native plugins compatible for Editor in 288.48 ms, found 3 plugins.
Preloading 0 native plugins for Editor in 0.00 ms.
Mono: successfully reloaded assembly
- Completed reload, in  1.577 seconds
Domain Reload Profiling:
	ReloadAssembly (1579ms)
		BeginReloadAssembly (148ms)
			ExecutionOrderSort (0ms)
			DisableScriptedObjects (0ms)
			BackupInstance (0ms)
			ReleaseScriptingObjects (0ms)
			CreateAndSetChildDomain (2ms)
		EndReloadAssembly (1178ms)
			LoadAssemblies (144ms)
			RebuildTransferFunctionScriptingTraits (0ms)
			SetupTypeCache (247ms)
			ReleaseScriptCaches (0ms)
			RebuildScriptCaches (55ms)
			SetupLoadedEditorAssemblies (756ms)
				LogAssemblyErrors (0ms)
				InitializePlatformSupportModulesInManaged (18ms)
				SetLoadedEditorAssemblies (1ms)
				RefreshPlugins (289ms)
				BeforeProcessingInitializeOnLoad (2ms)
				ProcessInitializeOnLoadAttributes (341ms)
				ProcessInitializeOnLoadMethodAttributes (106ms)
				AfterProcessingInitializeOnLoad (0ms)
				EditorAssembliesLoaded (0ms)
			ExecutionOrderSort2 (0ms)
			AwakeInstancesAfterBackupRestoration (0ms)
Platform modules already initialized, skipping
Registering precompiled user dll's ...
Registered in 0.015068 seconds.
Begin MonoManager ReloadAssembly
Symbol file LoadedFromMemory doesn't match image C:\Users\Nicolò\Desktop\TANKS_git\TANK\Library\PackageCache\com.unity.visualscripting@1.7.8\Editor\VisualScripting.Core\Dependencies\DotNetZip\Unity.VisualScripting.IonicZip.dll
Symbol file LoadedFromMemory doesn't match image C:\Users\Nicolò\Desktop\TANKS_git\TANK\Library\PackageCache\com.unity.visualscripting@1.7.8\Editor\VisualScripting.Core\Dependencies\YamlDotNet\Unity.VisualScripting.YamlDotNet.dll
Native extension for WindowsStandalone target not found
Refreshing native plugins compatible for Editor in 2.58 ms, found 3 plugins.
Preloading 0 native plugins for Editor in 0.00 ms.
Package Manager log level set to [2]
Mono: successfully reloaded assembly
- Completed reload, in  2.585 seconds
Domain Reload Profiling:
	ReloadAssembly (2587ms)
		BeginReloadAssembly (228ms)
			ExecutionOrderSort (0ms)
			DisableScriptedObjects (13ms)
			BackupInstance (0ms)
			ReleaseScriptingObjects (0ms)
			CreateAndSetChildDomain (42ms)
		EndReloadAssembly (2110ms)
			LoadAssemblies (254ms)
			RebuildTransferFunctionScriptingTraits (0ms)
			SetupTypeCache (625ms)
			ReleaseScriptCaches (1ms)
			RebuildScriptCaches (105ms)
			SetupLoadedEditorAssemblies (1030ms)
				LogAssemblyErrors (0ms)
				InitializePlatformSupportModulesInManaged (12ms)
				SetLoadedEditorAssemblies (1ms)
				RefreshPlugins (3ms)
				BeforeProcessingInitializeOnLoad (207ms)
				ProcessInitializeOnLoadAttributes (559ms)
				ProcessInitializeOnLoadMethodAttributes (234ms)
				AfterProcessingInitializeOnLoad (12ms)
				EditorAssembliesLoaded (1ms)
			ExecutionOrderSort2 (0ms)
			AwakeInstancesAfterBackupRestoration (19ms)
Platform modules already initialized, skipping
========================================================================
Worker process is ready to serve import requests
Launched and connected shader compiler UnityShaderCompiler.exe after 0.22 seconds
Refreshing native plugins compatible for Editor in 2.42 ms, found 3 plugins.
Preloading 0 native plugins for Editor in 0.00 ms.
Unloading 4294 Unused Serialized files (Serialized files now loaded: 0)
Unloading 70 unused Assets / (1.3 MB). Loaded Objects now: 4743.
Memory consumption went from 240.1 MB to 238.9 MB.
Total: 12.035500 ms (FindLiveObjects: 0.895100 ms CreateObjectMapping: 0.430500 ms MarkObjects: 10.083000 ms  DeleteObjects: 0.625200 ms)

AssetImportParameters requested are different than current active one (requested -> active):
  custom:video-decoder-ogg-theora: a1e56fd34408186e4bbccfd4996cb3dc -> 
  custom:container-muxer-webm: aa71ff27fc2769a1b78a27578f13a17b -> 
  custom:container-demuxer-webm: 4f35f7cbe854078d1ac9338744f61a02 -> 
  custom:video-encoder-webm-vp8: eb34c28f22e8b96e1ab97ce403110664 -> 
  custom:audio-encoder-webm-vorbis: bf7c407c2cedff20999df2af8eb42d56 -> 
  custom:framework-win-MediaFoundation: 216162199b28c13a410421893ffa2e32 -> 
  custom:container-demuxer-ogg: 62fdf1f143b41e24485cea50d1cbac27 -> 
  custom:video-decoder-webm-vp8: 9c59270c3fd7afecdb556c50c9e8de78 -> 
  custom:audio-decoder-ogg-vorbis: bf7c407c2cedff20999df2af8eb42d56 -> 
========================================================================
Received Prepare
Registering precompiled user dll's ...
Registered in 0.011910 seconds.
Begin MonoManager ReloadAssembly
Symbol file LoadedFromMemory doesn't match image C:\Users\Nicolò\Desktop\TANKS_git\TANK\Library\PackageCache\com.unity.visualscripting@1.7.8\Editor\VisualScripting.Core\Dependencies\DotNetZip\Unity.VisualScripting.IonicZip.dll
Symbol file LoadedFromMemory doesn't match image C:\Users\Nicolò\Desktop\TANKS_git\TANK\Library\PackageCache\com.unity.visualscripting@1.7.8\Editor\VisualScripting.Core\Dependencies\YamlDotNet\Unity.VisualScripting.YamlDotNet.dll
Native extension for WindowsStandalone target not found
Refreshing native plugins compatible for Editor in 2.84 ms, found 3 plugins.
Preloading 0 native plugins for Editor in 0.00 ms.
Mono: successfully reloaded assembly
- Completed reload, in  1.965 seconds
Domain Reload Profiling:
	ReloadAssembly (1966ms)
		BeginReloadAssembly (238ms)
			ExecutionOrderSort (0ms)
			DisableScriptedObjects (18ms)
			BackupInstance (0ms)
			ReleaseScriptingObjects (0ms)
			CreateAndSetChildDomain (75ms)
		EndReloadAssembly (1545ms)
			LoadAssemblies (158ms)
			RebuildTransferFunctionScriptingTraits (0ms)
			SetupTypeCache (485ms)
			ReleaseScriptCaches (5ms)
			RebuildScriptCaches (79ms)
			SetupLoadedEditorAssemblies (736ms)
				LogAssemblyErrors (0ms)
				InitializePlatformSupportModulesInManaged (17ms)
				SetLoadedEditorAssemblies (1ms)
				RefreshPlugins (3ms)
				BeforeProcessingInitializeOnLoad (128ms)
				ProcessInitializeOnLoadAttributes (375ms)
				ProcessInitializeOnLoadMethodAttributes (203ms)
				AfterProcessingInitializeOnLoad (9ms)
				EditorAssembliesLoaded (0ms)
			ExecutionOrderSort2 (0ms)
			AwakeInstancesAfterBackupRestoration (12ms)
Platform modules already initialized, skipping
Refreshing native plugins compatible for Editor in 8.82 ms, found 3 plugins.
Preloading 0 native plugins for Editor in 0.00 ms.
Unloading 4244 Unused Serialized files (Serialized files now loaded: 0)
Unloading 59 unused Assets / (1.2 MB). Loaded Objects now: 4746.
Memory consumption went from 235.6 MB to 234.4 MB.
Total: 7.068200 ms (FindLiveObjects: 0.437000 ms CreateObjectMapping: 0.286700 ms MarkObjects: 5.950600 ms  DeleteObjects: 0.372900 ms)

AssetImportParameters requested are different than current active one (requested -> active):
  custom:video-decoder-ogg-theora: a1e56fd34408186e4bbccfd4996cb3dc -> 
  custom:container-muxer-webm: aa71ff27fc2769a1b78a27578f13a17b -> 
  custom:container-demuxer-webm: 4f35f7cbe854078d1ac9338744f61a02 -> 
  custom:video-encoder-webm-vp8: eb34c28f22e8b96e1ab97ce403110664 -> 
  custom:audio-encoder-webm-vorbis: bf7c407c2cedff20999df2af8eb42d56 -> 
  custom:framework-win-MediaFoundation: 216162199b28c13a410421893ffa2e32 -> 
  custom:container-demuxer-ogg: 62fdf1f143b41e24485cea50d1cbac27 -> 
  custom:video-decoder-webm-vp8: 9c59270c3fd7afecdb556c50c9e8de78 -> 
  custom:audio-decoder-ogg-vorbis: bf7c407c2cedff20999df2af8eb42d56 -> 
========================================================================
Received Import Request.
  Time since last request: 247212.282692 seconds.
  path: Assets/Nicolò/Prefab vari/Turret5.prefab
  artifactKey: Guid(8151bf44e1f5e8d49957552451a94677) Importer(815301076,1909f56bfc062723c751e8b465ee728b)
Start importing Assets/Nicolò/Prefab vari/Turret5.prefab using Guid(8151bf44e1f5e8d49957552451a94677) Importer(815301076,1909f56bfc062723c751e8b465ee728b)  -> (artifact id: 'f50596f13b25f8bf580c118bdf01bea2') in 0.214129 seconds 
========================================================================
Received Import Request.
  Time since last request: 0.000109 seconds.
  path: Assets/Nicolò/Prefab vari
  artifactKey: Guid(ac5a31a6ccbb71f44856a8d642166412) Importer(815301076,1909f56bfc062723c751e8b465ee728b)
Start importing Assets/Nicolò/Prefab vari using Guid(ac5a31a6ccbb71f44856a8d642166412) Importer(815301076,1909f56bfc062723c751e8b465ee728b)  -> (artifact id: 'efe889777c87bac845d7a9c2ffc67a91') in 0.007103 seconds 
========================================================================
Received Import Request.
  Time since last request: 0.000056 seconds.
  path: Assets/Nicolò/Prefab vari/WPN_cal_12G_flare (1).prefab
  artifactKey: Guid(8dc7e25368e78a540949e791a1ed8800) Importer(815301076,1909f56bfc062723c751e8b465ee728b)
Start importing Assets/Nicolò/Prefab vari/WPN_cal_12G_flare (1).prefab using Guid(8dc7e25368e78a540949e791a1ed8800) Importer(815301076,1909f56bfc062723c751e8b465ee728b)  -> (artifact id: 'a16da3767364634c32cf399bb9bda2a3') in 0.062063 seconds 
========================================================================
Received Import Request.
  Time since last request: 0.000032 seconds.
  path: Assets/Nicolò/Prefab vari/StartingMechanism5.4.prefab
  artifactKey: Guid(01711c83d53200b41b45fdf56cb065b5) Importer(815301076,1909f56bfc062723c751e8b465ee728b)
Start importing Assets/Nicolò/Prefab vari/StartingMechanism5.4.prefab using Guid(01711c83d53200b41b45fdf56cb065b5) Importer(815301076,1909f56bfc062723c751e8b465ee728b)  -> (artifact id: '1828579ab406e46b68eb2ebc60c9c38b') in 0.032528 seconds 
========================================================================
Received Import Request.
  Time since last request: 0.000039 seconds.
  path: Assets/Nicolò/Prefab vari/WPN_cal_7_62x39.prefab
  artifactKey: Guid(a0905ea6c82c136438eaa0dea9b9435e) Importer(815301076,1909f56bfc062723c751e8b465ee728b)
Start importing Assets/Nicolò/Prefab vari/WPN_cal_7_62x39.prefab using Guid(a0905ea6c82c136438eaa0dea9b9435e) Importer(815301076,1909f56bfc062723c751e8b465ee728b)  -> (artifact id: 'eb777844cd59b4ff593a338b9f66d5d7') in 0.054311 seconds 
========================================================================
Received Import Request.
  Time since last request: 0.000031 seconds.
  path: Assets/Nicolò/Prefab vari/WPN_cal_9mm (1).prefab
  artifactKey: Guid(c68be0235a635aa4ab9b686201d989ee) Importer(815301076,1909f56bfc062723c751e8b465ee728b)
Start importing Assets/Nicolò/Prefab vari/WPN_cal_9mm (1).prefab using Guid(c68be0235a635aa4ab9b686201d989ee) Importer(815301076,1909f56bfc062723c751e8b465ee728b)  -> (artifact id: '53c3e731644aa2da7b3150d224add41f') in 0.050263 seconds 
========================================================================
Received Import Request.
  Time since last request: 14.098426 seconds.
  path: Assets/Nicolò/Prefab
  artifactKey: Guid(f7c49f5f4a9f28446b1f7e030a2cafa9) Importer(815301076,1909f56bfc062723c751e8b465ee728b)
Start importing Assets/Nicolò/Prefab using Guid(f7c49f5f4a9f28446b1f7e030a2cafa9) Importer(815301076,1909f56bfc062723c751e8b465ee728b)  -> (artifact id: '4c7ae85124dcfe668da5450114579ef5') in 0.004815 seconds 
========================================================================
Received Import Request.
  Time since last request: 0.057593 seconds.
  path: Assets/Nicolò/Prefab/at_mine_LOD2 1.prefab
  artifactKey: Guid(5a3971b033a96ca4982fc43836621993) Importer(815301076,1909f56bfc062723c751e8b465ee728b)
Start importing Assets/Nicolò/Prefab/at_mine_LOD2 1.prefab using Guid(5a3971b033a96ca4982fc43836621993) Importer(815301076,1909f56bfc062723c751e8b465ee728b)  -> (artifact id: 'e00a8bd1216507e0febe29c7ea33e9e9') in 0.078107 seconds 
========================================================================
Received Import Request.
  Time since last request: 0.215153 seconds.
  path: Assets/Nicolò/Prefab/Black.mat
  artifactKey: Guid(cd5cb76c2b2f1574db0bc9b15ce3140d) Importer(815301076,1909f56bfc062723c751e8b465ee728b)
Start importing Assets/Nicolò/Prefab/Black.mat using Guid(cd5cb76c2b2f1574db0bc9b15ce3140d) Importer(815301076,1909f56bfc062723c751e8b465ee728b)  -> (artifact id: '1ee1679e38546a1c4220ba88c30fc526') in 0.053570 seconds 
========================================================================
Received Import Request.
  Time since last request: 0.221200 seconds.
  path: Assets/Nicolò/Prefab/BONUS SWORD.prefab
  artifactKey: Guid(dc04bb67f3e82d44eaa8d221b72ec8bc) Importer(815301076,1909f56bfc062723c751e8b465ee728b)
Start importing Assets/Nicolò/Prefab/BONUS SWORD.prefab using Guid(dc04bb67f3e82d44eaa8d221b72ec8bc) Importer(815301076,1909f56bfc062723c751e8b465ee728b)  -> (artifact id: '00cdae81e05e727eba1ad299f9f32086') in 0.038340 seconds 
========================================================================
Received Import Request.
  Time since last request: 0.000050 seconds.
  path: Assets/Nicolò/Prefab/Missile 1.prefab
  artifactKey: Guid(56227632609ac2d46ab3c1d7480cbe13) Importer(815301076,1909f56bfc062723c751e8b465ee728b)
Start importing Assets/Nicolò/Prefab/Missile 1.prefab using Guid(56227632609ac2d46ab3c1d7480cbe13) Importer(815301076,1909f56bfc062723c751e8b465ee728b)  -> (artifact id: 'fbb9f4d91b75f9be77fa986217b66207') in 0.072621 seconds 
========================================================================
Received Import Request.
  Time since last request: 0.000028 seconds.
  path: Assets/Nicolò/Prefab/Turret.prefab
  artifactKey: Guid(39f0764b82e1d654e903fc85e648834a) Importer(815301076,1909f56bfc062723c751e8b465ee728b)
Start importing Assets/Nicolò/Prefab/Turret.prefab using Guid(39f0764b82e1d654e903fc85e648834a) Importer(815301076,1909f56bfc062723c751e8b465ee728b)  -> (artifact id: '3c10c14f6d747aa47f2ff15049682073') in 0.041611 seconds 
========================================================================
Received Import Request.
  Time since last request: 0.000072 seconds.
  path: Assets/Nicolò/Prefab/Missile.prefab
  artifactKey: Guid(37f39c784e09c3a4a981b297911de98d) Importer(815301076,1909f56bfc062723c751e8b465ee728b)
Start importing Assets/Nicolò/Prefab/Missile.prefab using Guid(37f39c784e09c3a4a981b297911de98d) Importer(815301076,1909f56bfc062723c751e8b465ee728b)  -> (artifact id: 'b129c896a1a036c2e0dc51c7a1345352') in 0.034342 seconds 
========================================================================
Received Import Request.
  Time since last request: 0.000034 seconds.
  path: Assets/Nicolò/Prefab/NormalShot.prefab
  artifactKey: Guid(0412764c19a445e4ab63977788ff465d) Importer(815301076,1909f56bfc062723c751e8b465ee728b)
Start importing Assets/Nicolò/Prefab/NormalShot.prefab using Guid(0412764c19a445e4ab63977788ff465d) Importer(815301076,1909f56bfc062723c751e8b465ee728b)  -> (artifact id: 'b9f1f7885905e97d9b9036d4c2605cbf') in 0.046588 seconds 
========================================================================
Received Import Request.
  Time since last request: 0.000092 seconds.
  path: Assets/Nicolò/Prefab/EnergyExplosion.prefab
  artifactKey: Guid(4e6bc97cd550bf240a474ce59352e144) Importer(815301076,1909f56bfc062723c751e8b465ee728b)
Start importing Assets/Nicolò/Prefab/EnergyExplosion.prefab using Guid(4e6bc97cd550bf240a474ce59352e144) Importer(815301076,1909f56bfc062723c751e8b465ee728b)  -> (artifact id: '3f2e170c48f12f559a50c7b04fbae352') in 0.095512 seconds 
========================================================================
Received Import Request.
  Time since last request: 0.000029 seconds.
  path: Assets/Nicolò/Prefab/Mine.prefab
  artifactKey: Guid(a903ceb6bdf22054a8938c09e2fff6b0) Importer(815301076,1909f56bfc062723c751e8b465ee728b)
Start importing Assets/Nicolò/Prefab/Mine.prefab using Guid(a903ceb6bdf22054a8938c09e2fff6b0) Importer(815301076,1909f56bfc062723c751e8b465ee728b)  -> (artifact id: 'a04a81ccf48f728dc03e54e4265f3b4d') in 0.044766 seconds 
========================================================================
Received Import Request.
  Time since last request: 0.000050 seconds.
  path: Assets/Nicolò/Prefab/BONUS COIN.prefab
  artifactKey: Guid(1246265d1072b264fa100b6a1c381715) Importer(815301076,1909f56bfc062723c751e8b465ee728b)
Start importing Assets/Nicolò/Prefab/BONUS COIN.prefab using Guid(1246265d1072b264fa100b6a1c381715) Importer(815301076,1909f56bfc062723c751e8b465ee728b)  -> (artifact id: '739da5a5d73399993fe487d5974f1633') in 0.029395 seconds 
========================================================================
Received Import Request.
  Time since last request: 22.009438 seconds.
  path: Assets/Nicolò/Prefab/BigExplosionMIO.prefab
  artifactKey: Guid(e4ec68c3d1e63ae44a1e6a594a1a0141) Importer(815301076,1909f56bfc062723c751e8b465ee728b)
Start importing Assets/Nicolò/Prefab/BigExplosionMIO.prefab using Guid(e4ec68c3d1e63ae44a1e6a594a1a0141) Importer(815301076,1909f56bfc062723c751e8b465ee728b)  -> (artifact id: 'd11055fbd3014def3a7c3dc7d4369f1c') in 0.061876 seconds 
========================================================================
Received Prepare
Registering precompiled user dll's ...
Registered in 0.009431 seconds.
Begin MonoManager ReloadAssembly
Symbol file LoadedFromMemory doesn't match image C:\Users\Nicolò\Desktop\TANKS_git\TANK\Library\PackageCache\com.unity.visualscripting@1.7.8\Editor\VisualScripting.Core\Dependencies\DotNetZip\Unity.VisualScripting.IonicZip.dll
Symbol file LoadedFromMemory doesn't match image C:\Users\Nicolò\Desktop\TANKS_git\TANK\Library\PackageCache\com.unity.visualscripting@1.7.8\Editor\VisualScripting.Core\Dependencies\YamlDotNet\Unity.VisualScripting.YamlDotNet.dll
Native extension for WindowsStandalone target not found
Refreshing native plugins compatible for Editor in 2.09 ms, found 3 plugins.
Preloading 0 native plugins for Editor in 0.00 ms.
Mono: successfully reloaded assembly
- Completed reload, in  1.764 seconds
Domain Reload Profiling:
	ReloadAssembly (1765ms)
		BeginReloadAssembly (250ms)
			ExecutionOrderSort (0ms)
			DisableScriptedObjects (11ms)
			BackupInstance (0ms)
			ReleaseScriptingObjects (0ms)
			CreateAndSetChildDomain (88ms)
		EndReloadAssembly (1330ms)
			LoadAssemblies (161ms)
			RebuildTransferFunctionScriptingTraits (0ms)
			SetupTypeCache (424ms)
			ReleaseScriptCaches (3ms)
			RebuildScriptCaches (66ms)
			SetupLoadedEditorAssemblies (612ms)
				LogAssemblyErrors (0ms)
				InitializePlatformSupportModulesInManaged (17ms)
				SetLoadedEditorAssemblies (1ms)
				RefreshPlugins (2ms)
				BeforeProcessingInitializeOnLoad (98ms)
				ProcessInitializeOnLoadAttributes (304ms)
				ProcessInitializeOnLoadMethodAttributes (179ms)
				AfterProcessingInitializeOnLoad (12ms)
				EditorAssembliesLoaded (0ms)
			ExecutionOrderSort2 (0ms)
			AwakeInstancesAfterBackupRestoration (9ms)
Platform modules already initialized, skipping
Refreshing native plugins compatible for Editor in 7.64 ms, found 3 plugins.
Preloading 0 native plugins for Editor in 0.00 ms.
Unloading 4244 Unused Serialized files (Serialized files now loaded: 0)
Unloading 61 unused Assets / (1.2 MB). Loaded Objects now: 4795.
Memory consumption went from 240.4 MB to 239.2 MB.
Total: 7.550000 ms (FindLiveObjects: 0.449400 ms CreateObjectMapping: 0.266900 ms MarkObjects: 6.584200 ms  DeleteObjects: 0.247700 ms)

AssetImportParameters requested are different than current active one (requested -> active):
  custom:video-decoder-ogg-theora: a1e56fd34408186e4bbccfd4996cb3dc -> 
  custom:container-muxer-webm: aa71ff27fc2769a1b78a27578f13a17b -> 
  custom:container-demuxer-webm: 4f35f7cbe854078d1ac9338744f61a02 -> 
  custom:video-encoder-webm-vp8: eb34c28f22e8b96e1ab97ce403110664 -> 
  custom:audio-encoder-webm-vorbis: bf7c407c2cedff20999df2af8eb42d56 -> 
  custom:framework-win-MediaFoundation: 216162199b28c13a410421893ffa2e32 -> 
  custom:container-demuxer-ogg: 62fdf1f143b41e24485cea50d1cbac27 -> 
  custom:video-decoder-webm-vp8: 9c59270c3fd7afecdb556c50c9e8de78 -> 
  custom:audio-decoder-ogg-vorbis: bf7c407c2cedff20999df2af8eb42d56 -> 
========================================================================
Received Prepare
Registering precompiled user dll's ...
Registered in 0.011576 seconds.
Begin MonoManager ReloadAssembly
Symbol file LoadedFromMemory doesn't match image C:\Users\Nicolò\Desktop\TANKS_git\TANK\Library\PackageCache\com.unity.visualscripting@1.7.8\Editor\VisualScripting.Core\Dependencies\DotNetZip\Unity.VisualScripting.IonicZip.dll
Symbol file LoadedFromMemory doesn't match image C:\Users\Nicolò\Desktop\TANKS_git\TANK\Library\PackageCache\com.unity.visualscripting@1.7.8\Editor\VisualScripting.Core\Dependencies\YamlDotNet\Unity.VisualScripting.YamlDotNet.dll
Native extension for WindowsStandalone target not found
Refreshing native plugins compatible for Editor in 2.80 ms, found 3 plugins.
Preloading 0 native plugins for Editor in 0.00 ms.
Mono: successfully reloaded assembly
- Completed reload, in  2.178 seconds
Domain Reload Profiling:
	ReloadAssembly (2180ms)
		BeginReloadAssembly (221ms)
			ExecutionOrderSort (0ms)
			DisableScriptedObjects (11ms)
			BackupInstance (0ms)
			ReleaseScriptingObjects (0ms)
			CreateAndSetChildDomain (80ms)
		EndReloadAssembly (1789ms)
			LoadAssemblies (172ms)
			RebuildTransferFunctionScriptingTraits (0ms)
			SetupTypeCache (572ms)
			ReleaseScriptCaches (4ms)
			RebuildScriptCaches (97ms)
			SetupLoadedEditorAssemblies (828ms)
				LogAssemblyErrors (0ms)
				InitializePlatformSupportModulesInManaged (26ms)
				SetLoadedEditorAssemblies (1ms)
				RefreshPlugins (3ms)
				BeforeProcessingInitializeOnLoad (146ms)
				ProcessInitializeOnLoadAttributes (426ms)
				ProcessInitializeOnLoadMethodAttributes (214ms)
				AfterProcessingInitializeOnLoad (11ms)
				EditorAssembliesLoaded (0ms)
			ExecutionOrderSort2 (0ms)
			AwakeInstancesAfterBackupRestoration (13ms)
Platform modules already initialized, skipping
Refreshing native plugins compatible for Editor in 7.25 ms, found 3 plugins.
Preloading 0 native plugins for Editor in 0.00 ms.
Unloading 4244 Unused Serialized files (Serialized files now loaded: 0)
Unloading 59 unused Assets / (1.2 MB). Loaded Objects now: 4798.
Memory consumption went from 240.4 MB to 239.2 MB.
Total: 10.500100 ms (FindLiveObjects: 0.511100 ms CreateObjectMapping: 0.189100 ms MarkObjects: 9.474200 ms  DeleteObjects: 0.323200 ms)

AssetImportParameters requested are different than current active one (requested -> active):
  custom:video-decoder-ogg-theora: a1e56fd34408186e4bbccfd4996cb3dc -> 
  custom:container-muxer-webm: aa71ff27fc2769a1b78a27578f13a17b -> 
  custom:container-demuxer-webm: 4f35f7cbe854078d1ac9338744f61a02 -> 
  custom:video-encoder-webm-vp8: eb34c28f22e8b96e1ab97ce403110664 -> 
  custom:audio-encoder-webm-vorbis: bf7c407c2cedff20999df2af8eb42d56 -> 
  custom:framework-win-MediaFoundation: 216162199b28c13a410421893ffa2e32 -> 
  custom:container-demuxer-ogg: 62fdf1f143b41e24485cea50d1cbac27 -> 
  custom:video-decoder-webm-vp8: 9c59270c3fd7afecdb556c50c9e8de78 -> 
  custom:audio-decoder-ogg-vorbis: bf7c407c2cedff20999df2af8eb42d56 -> 
========================================================================
Received Prepare
Registering precompiled user dll's ...
Registered in 0.006009 seconds.
Begin MonoManager ReloadAssembly
Symbol file LoadedFromMemory doesn't match image C:\Users\Nicolò\Desktop\TANKS_git\TANK\Library\PackageCache\com.unity.visualscripting@1.7.8\Editor\VisualScripting.Core\Dependencies\DotNetZip\Unity.VisualScripting.IonicZip.dll
Symbol file LoadedFromMemory doesn't match image C:\Users\Nicolò\Desktop\TANKS_git\TANK\Library\PackageCache\com.unity.visualscripting@1.7.8\Editor\VisualScripting.Core\Dependencies\YamlDotNet\Unity.VisualScripting.YamlDotNet.dll
Native extension for WindowsStandalone target not found
Refreshing native plugins compatible for Editor in 2.41 ms, found 3 plugins.
Preloading 0 native plugins for Editor in 0.00 ms.
Mono: successfully reloaded assembly
- Completed reload, in  2.089 seconds
Domain Reload Profiling:
	ReloadAssembly (2090ms)
		BeginReloadAssembly (220ms)
			ExecutionOrderSort (0ms)
			DisableScriptedObjects (11ms)
			BackupInstance (0ms)
			ReleaseScriptingObjects (0ms)
			CreateAndSetChildDomain (80ms)
		EndReloadAssembly (1721ms)
			LoadAssemblies (140ms)
			RebuildTransferFunctionScriptingTraits (0ms)
			SetupTypeCache (555ms)
			ReleaseScriptCaches (3ms)
			RebuildScriptCaches (85ms)
			SetupLoadedEditorAssemblies (858ms)
				LogAssemblyErrors (0ms)
				InitializePlatformSupportModulesInManaged (29ms)
				SetLoadedEditorAssemblies (1ms)
				RefreshPlugins (3ms)
				BeforeProcessingInitializeOnLoad (136ms)
				ProcessInitializeOnLoadAttributes (442ms)
				ProcessInitializeOnLoadMethodAttributes (238ms)
				AfterProcessingInitializeOnLoad (9ms)
				EditorAssembliesLoaded (1ms)
			ExecutionOrderSort2 (0ms)
			AwakeInstancesAfterBackupRestoration (13ms)
Platform modules already initialized, skipping
Refreshing native plugins compatible for Editor in 8.60 ms, found 3 plugins.
Preloading 0 native plugins for Editor in 0.00 ms.
Unloading 4244 Unused Serialized files (Serialized files now loaded: 0)
Unloading 59 unused Assets / (1.2 MB). Loaded Objects now: 4801.
Memory consumption went from 240.4 MB to 239.2 MB.
Total: 10.561000 ms (FindLiveObjects: 0.480000 ms CreateObjectMapping: 0.371600 ms MarkObjects: 9.246900 ms  DeleteObjects: 0.459100 ms)

AssetImportParameters requested are different than current active one (requested -> active):
  custom:video-decoder-ogg-theora: a1e56fd34408186e4bbccfd4996cb3dc -> 
  custom:container-muxer-webm: aa71ff27fc2769a1b78a27578f13a17b -> 
  custom:container-demuxer-webm: 4f35f7cbe854078d1ac9338744f61a02 -> 
  custom:video-encoder-webm-vp8: eb34c28f22e8b96e1ab97ce403110664 -> 
  custom:audio-encoder-webm-vorbis: bf7c407c2cedff20999df2af8eb42d56 -> 
  custom:framework-win-MediaFoundation: 216162199b28c13a410421893ffa2e32 -> 
  custom:container-demuxer-ogg: 62fdf1f143b41e24485cea50d1cbac27 -> 
  custom:video-decoder-webm-vp8: 9c59270c3fd7afecdb556c50c9e8de78 -> 
  custom:audio-decoder-ogg-vorbis: bf7c407c2cedff20999df2af8eb42d56 -> 
========================================================================
Received Import Request.
  Time since last request: 67907.717364 seconds.
  path: Assets/Nicolò/Sounds/138101__snakebarney__bomb-arming.aiff
  artifactKey: Guid(7983da5185f0e7242aa416fc23a57845) Importer(815301076,1909f56bfc062723c751e8b465ee728b)
Start importing Assets/Nicolò/Sounds/138101__snakebarney__bomb-arming.aiff using Guid(7983da5185f0e7242aa416fc23a57845) Importer(815301076,1909f56bfc062723c751e8b465ee728b)  -> (artifact id: 'bd14731d576739d9332ebd36a6819201') in 0.969484 seconds 
========================================================================
Received Import Request.
  Time since last request: 0.000164 seconds.
  path: Assets/Nicolò/Sounds/163410__baryy__old-mechanism-clicking.aiff
  artifactKey: Guid(764bff5f61230d543853da8bff0aaa9f) Importer(815301076,1909f56bfc062723c751e8b465ee728b)
Start importing Assets/Nicolò/Sounds/163410__baryy__old-mechanism-clicking.aiff using Guid(764bff5f61230d543853da8bff0aaa9f) Importer(815301076,1909f56bfc062723c751e8b465ee728b)  -> (artifact id: 'b09a92273d50f7948d0611cf599693dc') in 0.019439 seconds 
========================================================================
Received Import Request.
  Time since last request: 0.000041 seconds.
  path: Assets/Nicolò/Sounds/363172__runningmind__pickups-shield-belt.wav
  artifactKey: Guid(82f681452d622cf44b7bde3af959f04e) Importer(815301076,1909f56bfc062723c751e8b465ee728b)
Start importing Assets/Nicolò/Sounds/363172__runningmind__pickups-shield-belt.wav using Guid(82f681452d622cf44b7bde3af959f04e) Importer(815301076,1909f56bfc062723c751e8b465ee728b)  -> (artifact id: '44c8be5832bfaa0b032adeb5992cf7ab') in 0.035614 seconds 
Editor requested this worker to shutdown with reason: Scaling down because of idle timeout
AssetImportWorker is now disconnected from the server
Process exiting
Exiting without the bug reporter. Application will terminate with return code 0